[2020-07-04T11:54:38.882Z] [PAYTM] INFO [NODE-SDK1.0.0] <MerchantProperties>: initialize called
[2020-07-04T11:54:38.887Z] [PAYTM] INFO [NODE-SDK1.0.0] <MerchantProperties>: Setting Environment for STAGE
[2020-07-04T11:54:38.903Z] [PAYTM] INFO [NODE-SDK:1.0.0:43963cd7-d8dd-48b5-9f7d-51ef79df343f] <Payment>: In createTxnToken PaymentDetail: {"channelId":"WEB","orderId":"86f350fb-ba73-4961-bc51-2defea761e0b","txnAmount":{"currency":"INR","value":"[object Undefined]"},"userInfo":{"custId":"303c09a8-da07-44f4-bd2c-e70f4f7d24d4","email":"arav@test.com","firstName":"Arav","lastName":"Saraff","mobile":"9830873730"},"readTimeout":80000}
[2020-07-04T11:54:38.904Z] [PAYTM] INFO [NODE-SDK:1.0.0:43963cd7-d8dd-48b5-9f7d-51ef79df343f] <Payment>: validatePaymentDetailsObject for object: {"channelId":"WEB","orderId":"86f350fb-ba73-4961-bc51-2defea761e0b","txnAmount":{"currency":"INR","value":"[object Undefined]"},"userInfo":{"custId":"303c09a8-da07-44f4-bd2c-e70f4f7d24d4","email":"arav@test.com","firstName":"Arav","lastName":"Saraff","mobile":"9830873730"},"readTimeout":80000}
[2020-07-04T11:54:38.904Z] [PAYTM] INFO [NODE-SDK:1.0.0:43963cd7-d8dd-48b5-9f7d-51ef79df343f] <Payment>:  validatePaymentDetailsObject returns true 
[2020-07-04T11:54:38.905Z] [PAYTM] INFO [NODE-SDK:1.0.0:43963cd7-d8dd-48b5-9f7d-51ef79df343f] <CommonUtil>: In getSecureRequestHeader
[2020-07-04T11:54:38.908Z] [PAYTM] INFO [NODE-SDK:1.0.0:43963cd7-d8dd-48b5-9f7d-51ef79df343f] <Payment>: InitiateTransactionRequest object {"head":{"version":"v2","channelId":"WEB","requestTimestamp":"1593863678906","signature":null},"body":{"requestType":"Payment","mid":"DRoMSL11748752394018","orderId":"86f350fb-ba73-4961-bc51-2defea761e0b","websiteName":"WEBSTAGING","txnAmount":{"currency":"INR","value":"[object Undefined]"},"userInfo":{"custId":"303c09a8-da07-44f4-bd2c-e70f4f7d24d4","email":"arav@test.com","firstName":"Arav","lastName":"Saraff","mobile":"9830873730"},"callbackUrl":"https://pg-staging.paytm.in/MerchantSite/bankResponse"}}
[2020-07-04T11:54:38.909Z] [PAYTM] INFO [NODE-SDK:1.0.0:43963cd7-d8dd-48b5-9f7d-51ef79df343f] <EncDecUtil>: generateSignature() called
[2020-07-04T11:54:38.910Z] [PAYTM] INFO [NODE-SDK:1.0.0:43963cd7-d8dd-48b5-9f7d-51ef79df343f] <EncDecUtil>: generateRandomString() called
[2020-07-04T11:54:38.923Z] [PAYTM] INFO [NODE-SDK:1.0.0:43963cd7-d8dd-48b5-9f7d-51ef79df343f] <EncDecUtil>: generateSalt returns: 5uBa
[2020-07-04T11:54:38.925Z] [PAYTM] INFO [NODE-SDK:1.0.0:43963cd7-d8dd-48b5-9f7d-51ef79df343f] <EncDecUtil>: getChecksumFromString returns: fdO2lu4ss4AUZ55niaU2yy35kNk9I4OP88JQYAvDtgl5ZLjuuMWV/JJMEhyk+p3qe2GsWG84uZVW8xCLMUChZUmIBGZeTVxpRwIF1eiHl4U=
[2020-07-04T11:54:38.926Z] [PAYTM] INFO [NODE-SDK:1.0.0:43963cd7-d8dd-48b5-9f7d-51ef79df343f] <Request>: process for request: {"head":{"version":"v2","channelId":"WEB","requestTimestamp":"1593863678906","signature":"fdO2lu4ss4AUZ55niaU2yy35kNk9I4OP88JQYAvDtgl5ZLjuuMWV/JJMEhyk+p3qe2GsWG84uZVW8xCLMUChZUmIBGZeTVxpRwIF1eiHl4U="},"body":{"requestType":"Payment","mid":"DRoMSL11748752394018","orderId":"86f350fb-ba73-4961-bc51-2defea761e0b","websiteName":"WEBSTAGING","txnAmount":{"currency":"INR","value":"[object Undefined]"},"userInfo":{"custId":"303c09a8-da07-44f4-bd2c-e70f4f7d24d4","email":"arav@test.com","firstName":"Arav","lastName":"Saraff","mobile":"9830873730"},"callbackUrl":"https://pg-staging.paytm.in/MerchantSite/bankResponse"}}
[2020-07-04T11:54:38.927Z] [PAYTM] INFO [NODE-SDK:1.0.0:43963cd7-d8dd-48b5-9f7d-51ef79df343f] <Request>: executeCurl called 
[2020-07-04T11:54:38.927Z] [PAYTM] INFO [NODE-SDK:1.0.0:43963cd7-d8dd-48b5-9f7d-51ef79df343f] <Request>: will make API call to: https://securegw-stage.paytm.in/theia/api/v1/initiateTransaction?mid=DRoMSL11748752394018&orderId=86f350fb-ba73-4961-bc51-2defea761e0b
[2020-07-04T11:54:39.589Z] [PAYTM] INFO [NODE-SDK:1.0.0:43963cd7-d8dd-48b5-9f7d-51ef79df343f] <Request>: API response received upon successful execution: {"head":{"requestId":null,"responseTimestamp":"1593863679494","version":"v1"},"body":{"extraParamsMap":null,"resultInfo":{"resultStatus":"F","resultCode":"2007","resultMsg":"Txn amount is invalid"}}}
[2020-07-04T11:54:39.591Z] [PAYTM] INFO [NODE-SDK:1.0.0:43963cd7-d8dd-48b5-9f7d-51ef79df343f] <Request>: Raw Response: {"head":{"requestId":null,"responseTimestamp":"1593863679494","version":"v1"},"body":{"extraParamsMap":null,"resultInfo":{"resultStatus":"F","resultCode":"2007","resultMsg":"Txn amount is invalid"}}}
[2020-07-04T11:54:39.593Z] [PAYTM] INFO [NODE-SDK:1.0.0:43963cd7-d8dd-48b5-9f7d-51ef79df343f] <Request>: Response Data Object: {"head":{"responseTimestamp":"1593863679494","version":"v1"},"body":{"resultInfo":{"resultStatus":"F","resultMsg":"Txn amount is invalid","resultCode":"2007"},"extraParamsMap":null}}
[2020-07-04T11:54:39.594Z] [PAYTM] INFO [NODE-SDK:1.0.0:43963cd7-d8dd-48b5-9f7d-51ef79df343f] <Request>: Execution completed with raw json response: {"head":{"requestId":null,"responseTimestamp":"1593863679494","version":"v1"},"body":{"extraParamsMap":null,"resultInfo":{"resultStatus":"F","resultCode":"2007","resultMsg":"Txn amount is invalid"}}}
[2020-07-04T11:58:06.644Z] [PAYTM] INFO [NODE-SDK1.0.0] <MerchantProperties>: initialize called
[2020-07-04T11:58:06.648Z] [PAYTM] INFO [NODE-SDK1.0.0] <MerchantProperties>: Setting Environment for STAGE
[2020-07-04T11:58:06.651Z] [PAYTM] INFO [NODE-SDK:1.0.0:a94f17cb-6cf6-4e39-8078-ee460ef33d02] <Payment>: In createTxnToken PaymentDetail: {"channelId":"WEB","orderId":"ab5c68ec-2858-4e79-8107-220c96ed13e1","txnAmount":{"currency":"INR","value":"[object Undefined]"},"userInfo":{"custId":"826d7da6-aa8f-4191-9f94-ed9e0d14d9b0","email":"arav@test.com","firstName":"Arav","lastName":"Saraff","mobile":"9830873730"},"readTimeout":80000}
[2020-07-04T11:58:06.651Z] [PAYTM] INFO [NODE-SDK:1.0.0:a94f17cb-6cf6-4e39-8078-ee460ef33d02] <Payment>: validatePaymentDetailsObject for object: {"channelId":"WEB","orderId":"ab5c68ec-2858-4e79-8107-220c96ed13e1","txnAmount":{"currency":"INR","value":"[object Undefined]"},"userInfo":{"custId":"826d7da6-aa8f-4191-9f94-ed9e0d14d9b0","email":"arav@test.com","firstName":"Arav","lastName":"Saraff","mobile":"9830873730"},"readTimeout":80000}
[2020-07-04T11:58:06.652Z] [PAYTM] INFO [NODE-SDK:1.0.0:a94f17cb-6cf6-4e39-8078-ee460ef33d02] <Payment>:  validatePaymentDetailsObject returns true 
[2020-07-04T11:58:06.652Z] [PAYTM] INFO [NODE-SDK:1.0.0:a94f17cb-6cf6-4e39-8078-ee460ef33d02] <CommonUtil>: In getSecureRequestHeader
[2020-07-04T11:58:06.654Z] [PAYTM] INFO [NODE-SDK:1.0.0:a94f17cb-6cf6-4e39-8078-ee460ef33d02] <Payment>: InitiateTransactionRequest object {"head":{"version":"v2","channelId":"WEB","requestTimestamp":"1593863886652","signature":null},"body":{"requestType":"Payment","mid":"DRoMSL11748752394018","orderId":"ab5c68ec-2858-4e79-8107-220c96ed13e1","websiteName":"WEBSTAGING","txnAmount":{"currency":"INR","value":"[object Undefined]"},"userInfo":{"custId":"826d7da6-aa8f-4191-9f94-ed9e0d14d9b0","email":"arav@test.com","firstName":"Arav","lastName":"Saraff","mobile":"9830873730"},"callbackUrl":"https://pg-staging.paytm.in/MerchantSite/bankResponse"}}
[2020-07-04T11:58:06.655Z] [PAYTM] INFO [NODE-SDK:1.0.0:a94f17cb-6cf6-4e39-8078-ee460ef33d02] <EncDecUtil>: generateSignature() called
[2020-07-04T11:58:06.655Z] [PAYTM] INFO [NODE-SDK:1.0.0:a94f17cb-6cf6-4e39-8078-ee460ef33d02] <EncDecUtil>: generateRandomString() called
[2020-07-04T11:58:06.658Z] [PAYTM] INFO [NODE-SDK:1.0.0:a94f17cb-6cf6-4e39-8078-ee460ef33d02] <EncDecUtil>: generateSalt returns: YtmV
[2020-07-04T11:58:06.659Z] [PAYTM] INFO [NODE-SDK:1.0.0:a94f17cb-6cf6-4e39-8078-ee460ef33d02] <EncDecUtil>: getChecksumFromString returns: AY9QxslTSU2pWkuwxSOpCpQWPZBPMH3d56hhGB0JMarWGosOvGq7zKDWAM4GkJ0Elcyzj/1UWLP2LN2wlHvRSCplG4V5FvzFQaslwutcXSU=
[2020-07-04T11:58:06.660Z] [PAYTM] INFO [NODE-SDK:1.0.0:a94f17cb-6cf6-4e39-8078-ee460ef33d02] <Request>: process for request: {"head":{"version":"v2","channelId":"WEB","requestTimestamp":"1593863886652","signature":"AY9QxslTSU2pWkuwxSOpCpQWPZBPMH3d56hhGB0JMarWGosOvGq7zKDWAM4GkJ0Elcyzj/1UWLP2LN2wlHvRSCplG4V5FvzFQaslwutcXSU="},"body":{"requestType":"Payment","mid":"DRoMSL11748752394018","orderId":"ab5c68ec-2858-4e79-8107-220c96ed13e1","websiteName":"WEBSTAGING","txnAmount":{"currency":"INR","value":"[object Undefined]"},"userInfo":{"custId":"826d7da6-aa8f-4191-9f94-ed9e0d14d9b0","email":"arav@test.com","firstName":"Arav","lastName":"Saraff","mobile":"9830873730"},"callbackUrl":"https://pg-staging.paytm.in/MerchantSite/bankResponse"}}
[2020-07-04T11:58:06.660Z] [PAYTM] INFO [NODE-SDK:1.0.0:a94f17cb-6cf6-4e39-8078-ee460ef33d02] <Request>: executeCurl called 
[2020-07-04T11:58:06.661Z] [PAYTM] INFO [NODE-SDK:1.0.0:a94f17cb-6cf6-4e39-8078-ee460ef33d02] <Request>: will make API call to: https://securegw-stage.paytm.in/theia/api/v1/initiateTransaction?mid=DRoMSL11748752394018&orderId=ab5c68ec-2858-4e79-8107-220c96ed13e1
[2020-07-04T11:58:06.919Z] [PAYTM] INFO [NODE-SDK:1.0.0:a94f17cb-6cf6-4e39-8078-ee460ef33d02] <Request>: API response received upon successful execution: {"head":{"requestId":null,"responseTimestamp":"1593863886860","version":"v1"},"body":{"extraParamsMap":null,"resultInfo":{"resultStatus":"F","resultCode":"2007","resultMsg":"Txn amount is invalid"}}}
[2020-07-04T11:58:06.921Z] [PAYTM] INFO [NODE-SDK:1.0.0:a94f17cb-6cf6-4e39-8078-ee460ef33d02] <Request>: Raw Response: {"head":{"requestId":null,"responseTimestamp":"1593863886860","version":"v1"},"body":{"extraParamsMap":null,"resultInfo":{"resultStatus":"F","resultCode":"2007","resultMsg":"Txn amount is invalid"}}}
[2020-07-04T11:58:06.924Z] [PAYTM] INFO [NODE-SDK:1.0.0:a94f17cb-6cf6-4e39-8078-ee460ef33d02] <Request>: Response Data Object: {"head":{"responseTimestamp":"1593863886860","version":"v1"},"body":{"resultInfo":{"resultStatus":"F","resultMsg":"Txn amount is invalid","resultCode":"2007"},"extraParamsMap":null}}
[2020-07-04T11:58:06.925Z] [PAYTM] INFO [NODE-SDK:1.0.0:a94f17cb-6cf6-4e39-8078-ee460ef33d02] <Request>: Execution completed with raw json response: {"head":{"requestId":null,"responseTimestamp":"1593863886860","version":"v1"},"body":{"extraParamsMap":null,"resultInfo":{"resultStatus":"F","resultCode":"2007","resultMsg":"Txn amount is invalid"}}}
[2020-07-04T11:59:39.862Z] [PAYTM] INFO [NODE-SDK1.0.0] <MerchantProperties>: initialize called
[2020-07-04T11:59:39.866Z] [PAYTM] INFO [NODE-SDK1.0.0] <MerchantProperties>: Setting Environment for STAGE
[2020-07-04T11:59:39.869Z] [PAYTM] INFO [NODE-SDK:1.0.0:49c19e06-149b-4eea-82be-c66d683d68c2] <Payment>: In createTxnToken PaymentDetail: {"channelId":"WEB","orderId":"8fef2a14-4725-4993-9906-f4306276b4e5","txnAmount":{"currency":"INR","value":"[object Undefined]"},"userInfo":{"custId":"32307f5f-b596-4c28-b4e0-9f10b36d2d9a","email":"arav@test.com","firstName":"Arav","lastName":"Saraff","mobile":"9830873730"},"readTimeout":80000}
[2020-07-04T11:59:39.869Z] [PAYTM] INFO [NODE-SDK:1.0.0:49c19e06-149b-4eea-82be-c66d683d68c2] <Payment>: validatePaymentDetailsObject for object: {"channelId":"WEB","orderId":"8fef2a14-4725-4993-9906-f4306276b4e5","txnAmount":{"currency":"INR","value":"[object Undefined]"},"userInfo":{"custId":"32307f5f-b596-4c28-b4e0-9f10b36d2d9a","email":"arav@test.com","firstName":"Arav","lastName":"Saraff","mobile":"9830873730"},"readTimeout":80000}
[2020-07-04T11:59:39.870Z] [PAYTM] INFO [NODE-SDK:1.0.0:49c19e06-149b-4eea-82be-c66d683d68c2] <Payment>:  validatePaymentDetailsObject returns true 
[2020-07-04T11:59:39.871Z] [PAYTM] INFO [NODE-SDK:1.0.0:49c19e06-149b-4eea-82be-c66d683d68c2] <CommonUtil>: In getSecureRequestHeader
[2020-07-04T11:59:39.874Z] [PAYTM] INFO [NODE-SDK:1.0.0:49c19e06-149b-4eea-82be-c66d683d68c2] <Payment>: InitiateTransactionRequest object {"head":{"version":"v2","channelId":"WEB","requestTimestamp":"1593863979871","signature":null},"body":{"requestType":"Payment","mid":"DRoMSL11748752394018","orderId":"8fef2a14-4725-4993-9906-f4306276b4e5","websiteName":"WEBSTAGING","txnAmount":{"currency":"INR","value":"[object Undefined]"},"userInfo":{"custId":"32307f5f-b596-4c28-b4e0-9f10b36d2d9a","email":"arav@test.com","firstName":"Arav","lastName":"Saraff","mobile":"9830873730"},"callbackUrl":"https://pg-staging.paytm.in/MerchantSite/bankResponse"}}
[2020-07-04T11:59:39.875Z] [PAYTM] INFO [NODE-SDK:1.0.0:49c19e06-149b-4eea-82be-c66d683d68c2] <EncDecUtil>: generateSignature() called
[2020-07-04T11:59:39.875Z] [PAYTM] INFO [NODE-SDK:1.0.0:49c19e06-149b-4eea-82be-c66d683d68c2] <EncDecUtil>: generateRandomString() called
[2020-07-04T11:59:39.892Z] [PAYTM] INFO [NODE-SDK:1.0.0:49c19e06-149b-4eea-82be-c66d683d68c2] <EncDecUtil>: generateSalt returns: enxS
[2020-07-04T11:59:39.893Z] [PAYTM] INFO [NODE-SDK:1.0.0:49c19e06-149b-4eea-82be-c66d683d68c2] <EncDecUtil>: getChecksumFromString returns: nARzcQyOc2aV8doodzz3vH7PQpCtMk9DRf6LbEthVGaWEfy2qO0kKhI7MTpQ195GAtNPX/Q6wraoafowugg1OlzLRQQWiKFQ0bIweox8gBE=
[2020-07-04T11:59:39.894Z] [PAYTM] INFO [NODE-SDK:1.0.0:49c19e06-149b-4eea-82be-c66d683d68c2] <Request>: process for request: {"head":{"version":"v2","channelId":"WEB","requestTimestamp":"1593863979871","signature":"nARzcQyOc2aV8doodzz3vH7PQpCtMk9DRf6LbEthVGaWEfy2qO0kKhI7MTpQ195GAtNPX/Q6wraoafowugg1OlzLRQQWiKFQ0bIweox8gBE="},"body":{"requestType":"Payment","mid":"DRoMSL11748752394018","orderId":"8fef2a14-4725-4993-9906-f4306276b4e5","websiteName":"WEBSTAGING","txnAmount":{"currency":"INR","value":"[object Undefined]"},"userInfo":{"custId":"32307f5f-b596-4c28-b4e0-9f10b36d2d9a","email":"arav@test.com","firstName":"Arav","lastName":"Saraff","mobile":"9830873730"},"callbackUrl":"https://pg-staging.paytm.in/MerchantSite/bankResponse"}}
[2020-07-04T11:59:39.894Z] [PAYTM] INFO [NODE-SDK:1.0.0:49c19e06-149b-4eea-82be-c66d683d68c2] <Request>: executeCurl called 
[2020-07-04T11:59:39.894Z] [PAYTM] INFO [NODE-SDK:1.0.0:49c19e06-149b-4eea-82be-c66d683d68c2] <Request>: will make API call to: https://securegw-stage.paytm.in/theia/api/v1/initiateTransaction?mid=DRoMSL11748752394018&orderId=8fef2a14-4725-4993-9906-f4306276b4e5
[2020-07-04T11:59:40.204Z] [PAYTM] INFO [NODE-SDK:1.0.0:49c19e06-149b-4eea-82be-c66d683d68c2] <Request>: API response received upon successful execution: {"head":{"requestId":null,"responseTimestamp":"1593863980150","version":"v1"},"body":{"extraParamsMap":null,"resultInfo":{"resultStatus":"F","resultCode":"2007","resultMsg":"Txn amount is invalid"}}}
[2020-07-04T11:59:40.205Z] [PAYTM] INFO [NODE-SDK:1.0.0:49c19e06-149b-4eea-82be-c66d683d68c2] <Request>: Raw Response: {"head":{"requestId":null,"responseTimestamp":"1593863980150","version":"v1"},"body":{"extraParamsMap":null,"resultInfo":{"resultStatus":"F","resultCode":"2007","resultMsg":"Txn amount is invalid"}}}
[2020-07-04T11:59:40.207Z] [PAYTM] INFO [NODE-SDK:1.0.0:49c19e06-149b-4eea-82be-c66d683d68c2] <Request>: Response Data Object: {"head":{"responseTimestamp":"1593863980150","version":"v1"},"body":{"resultInfo":{"resultStatus":"F","resultMsg":"Txn amount is invalid","resultCode":"2007"},"extraParamsMap":null}}
[2020-07-04T11:59:40.208Z] [PAYTM] INFO [NODE-SDK:1.0.0:49c19e06-149b-4eea-82be-c66d683d68c2] <Request>: Execution completed with raw json response: {"head":{"requestId":null,"responseTimestamp":"1593863980150","version":"v1"},"body":{"extraParamsMap":null,"resultInfo":{"resultStatus":"F","resultCode":"2007","resultMsg":"Txn amount is invalid"}}}
[2020-07-04T12:00:32.031Z] [PAYTM] INFO [NODE-SDK1.0.0] <MerchantProperties>: initialize called
[2020-07-04T12:00:32.032Z] [PAYTM] INFO [NODE-SDK1.0.0] <MerchantProperties>: Setting Environment for STAGE
[2020-07-04T12:00:32.033Z] [PAYTM] INFO [NODE-SDK:1.0.0:ac463160-fd4f-407f-a893-f42ea1c77edd] <Payment>: In createTxnToken PaymentDetail: {"channelId":"WEB","orderId":"d92255a8-4f43-4470-b7f8-c525801a6d9f","txnAmount":{"currency":"INR","value":"[object Undefined]"},"userInfo":{"custId":"5c5b37dd-d372-416c-ae3b-186a3f1db5e9","email":"arav@test.com","firstName":"Arav","lastName":"Saraff","mobile":"9830873730"},"readTimeout":80000}
[2020-07-04T12:00:32.033Z] [PAYTM] INFO [NODE-SDK:1.0.0:ac463160-fd4f-407f-a893-f42ea1c77edd] <Payment>: validatePaymentDetailsObject for object: {"channelId":"WEB","orderId":"d92255a8-4f43-4470-b7f8-c525801a6d9f","txnAmount":{"currency":"INR","value":"[object Undefined]"},"userInfo":{"custId":"5c5b37dd-d372-416c-ae3b-186a3f1db5e9","email":"arav@test.com","firstName":"Arav","lastName":"Saraff","mobile":"9830873730"},"readTimeout":80000}
[2020-07-04T12:00:32.033Z] [PAYTM] INFO [NODE-SDK:1.0.0:ac463160-fd4f-407f-a893-f42ea1c77edd] <Payment>:  validatePaymentDetailsObject returns true 
[2020-07-04T12:00:32.033Z] [PAYTM] INFO [NODE-SDK:1.0.0:ac463160-fd4f-407f-a893-f42ea1c77edd] <CommonUtil>: In getSecureRequestHeader
[2020-07-04T12:00:32.034Z] [PAYTM] INFO [NODE-SDK:1.0.0:ac463160-fd4f-407f-a893-f42ea1c77edd] <Payment>: InitiateTransactionRequest object {"head":{"version":"v2","channelId":"WEB","requestTimestamp":"1593864032033","signature":null},"body":{"requestType":"Payment","mid":"DRoMSL11748752394018","orderId":"d92255a8-4f43-4470-b7f8-c525801a6d9f","websiteName":"WEBSTAGING","txnAmount":{"currency":"INR","value":"[object Undefined]"},"userInfo":{"custId":"5c5b37dd-d372-416c-ae3b-186a3f1db5e9","email":"arav@test.com","firstName":"Arav","lastName":"Saraff","mobile":"9830873730"},"callbackUrl":"https://pg-staging.paytm.in/MerchantSite/bankResponse"}}
[2020-07-04T12:00:32.034Z] [PAYTM] INFO [NODE-SDK:1.0.0:ac463160-fd4f-407f-a893-f42ea1c77edd] <EncDecUtil>: generateSignature() called
[2020-07-04T12:00:32.034Z] [PAYTM] INFO [NODE-SDK:1.0.0:ac463160-fd4f-407f-a893-f42ea1c77edd] <EncDecUtil>: generateRandomString() called
[2020-07-04T12:00:32.036Z] [PAYTM] INFO [NODE-SDK:1.0.0:ac463160-fd4f-407f-a893-f42ea1c77edd] <EncDecUtil>: generateSalt returns: 4SZB
[2020-07-04T12:00:32.036Z] [PAYTM] INFO [NODE-SDK:1.0.0:ac463160-fd4f-407f-a893-f42ea1c77edd] <EncDecUtil>: getChecksumFromString returns: JJlxrjETRKWP6nSYQ7kIYoH7L+6+CjBQhnkImlF8TIID0xUNjLKSm3xHThztd7+TXjC5Puuigj1bxMrcDpiYHJOkFrL27Z9rzlsU/pYSUk4=
[2020-07-04T12:00:32.037Z] [PAYTM] INFO [NODE-SDK:1.0.0:ac463160-fd4f-407f-a893-f42ea1c77edd] <Request>: process for request: {"head":{"version":"v2","channelId":"WEB","requestTimestamp":"1593864032033","signature":"JJlxrjETRKWP6nSYQ7kIYoH7L+6+CjBQhnkImlF8TIID0xUNjLKSm3xHThztd7+TXjC5Puuigj1bxMrcDpiYHJOkFrL27Z9rzlsU/pYSUk4="},"body":{"requestType":"Payment","mid":"DRoMSL11748752394018","orderId":"d92255a8-4f43-4470-b7f8-c525801a6d9f","websiteName":"WEBSTAGING","txnAmount":{"currency":"INR","value":"[object Undefined]"},"userInfo":{"custId":"5c5b37dd-d372-416c-ae3b-186a3f1db5e9","email":"arav@test.com","firstName":"Arav","lastName":"Saraff","mobile":"9830873730"},"callbackUrl":"https://pg-staging.paytm.in/MerchantSite/bankResponse"}}
[2020-07-04T12:00:32.037Z] [PAYTM] INFO [NODE-SDK:1.0.0:ac463160-fd4f-407f-a893-f42ea1c77edd] <Request>: executeCurl called 
[2020-07-04T12:00:32.037Z] [PAYTM] INFO [NODE-SDK:1.0.0:ac463160-fd4f-407f-a893-f42ea1c77edd] <Request>: will make API call to: https://securegw-stage.paytm.in/theia/api/v1/initiateTransaction?mid=DRoMSL11748752394018&orderId=d92255a8-4f43-4470-b7f8-c525801a6d9f
[2020-07-04T12:00:32.405Z] [PAYTM] INFO [NODE-SDK:1.0.0:ac463160-fd4f-407f-a893-f42ea1c77edd] <Request>: API response received upon successful execution: {"head":{"requestId":null,"responseTimestamp":"1593864032346","version":"v1"},"body":{"extraParamsMap":null,"resultInfo":{"resultStatus":"F","resultCode":"2007","resultMsg":"Txn amount is invalid"}}}
[2020-07-04T12:00:32.406Z] [PAYTM] INFO [NODE-SDK:1.0.0:ac463160-fd4f-407f-a893-f42ea1c77edd] <Request>: Raw Response: {"head":{"requestId":null,"responseTimestamp":"1593864032346","version":"v1"},"body":{"extraParamsMap":null,"resultInfo":{"resultStatus":"F","resultCode":"2007","resultMsg":"Txn amount is invalid"}}}
[2020-07-04T12:00:32.408Z] [PAYTM] INFO [NODE-SDK:1.0.0:ac463160-fd4f-407f-a893-f42ea1c77edd] <Request>: Response Data Object: {"head":{"responseTimestamp":"1593864032346","version":"v1"},"body":{"resultInfo":{"resultStatus":"F","resultMsg":"Txn amount is invalid","resultCode":"2007"},"extraParamsMap":null}}
[2020-07-04T12:00:32.408Z] [PAYTM] INFO [NODE-SDK:1.0.0:ac463160-fd4f-407f-a893-f42ea1c77edd] <Request>: Execution completed with raw json response: {"head":{"requestId":null,"responseTimestamp":"1593864032346","version":"v1"},"body":{"extraParamsMap":null,"resultInfo":{"resultStatus":"F","resultCode":"2007","resultMsg":"Txn amount is invalid"}}}
[2020-07-04T12:02:10.881Z] [PAYTM] INFO [NODE-SDK1.0.0] <MerchantProperties>: initialize called
[2020-07-04T12:02:10.886Z] [PAYTM] INFO [NODE-SDK1.0.0] <MerchantProperties>: Setting Environment for STAGE
[2020-07-04T12:02:10.891Z] [PAYTM] INFO [NODE-SDK:1.0.0:498b95e0-39b4-41a8-85d5-fd889a64df39] <Payment>: In createTxnToken PaymentDetail: {"channelId":"WEB","orderId":"bf2819c8-7796-44f8-96d8-68d873bb5264","txnAmount":{"currency":"INR","value":"1.00"},"userInfo":{"custId":"af1aab4c-f3c4-47ee-9dab-c2b878ebaf57","email":"arav@test.com","firstName":"Arav","lastName":"Saraff","mobile":"9830873730"},"readTimeout":80000}
[2020-07-04T12:02:10.892Z] [PAYTM] INFO [NODE-SDK:1.0.0:498b95e0-39b4-41a8-85d5-fd889a64df39] <Payment>: validatePaymentDetailsObject for object: {"channelId":"WEB","orderId":"bf2819c8-7796-44f8-96d8-68d873bb5264","txnAmount":{"currency":"INR","value":"1.00"},"userInfo":{"custId":"af1aab4c-f3c4-47ee-9dab-c2b878ebaf57","email":"arav@test.com","firstName":"Arav","lastName":"Saraff","mobile":"9830873730"},"readTimeout":80000}
[2020-07-04T12:02:10.892Z] [PAYTM] INFO [NODE-SDK:1.0.0:498b95e0-39b4-41a8-85d5-fd889a64df39] <Payment>:  validatePaymentDetailsObject returns true 
[2020-07-04T12:02:10.893Z] [PAYTM] INFO [NODE-SDK:1.0.0:498b95e0-39b4-41a8-85d5-fd889a64df39] <CommonUtil>: In getSecureRequestHeader
[2020-07-04T12:02:10.895Z] [PAYTM] INFO [NODE-SDK:1.0.0:498b95e0-39b4-41a8-85d5-fd889a64df39] <Payment>: InitiateTransactionRequest object {"head":{"version":"v2","channelId":"WEB","requestTimestamp":"1593864130893","signature":null},"body":{"requestType":"Payment","mid":"DRoMSL11748752394018","orderId":"bf2819c8-7796-44f8-96d8-68d873bb5264","websiteName":"WEBSTAGING","txnAmount":{"currency":"INR","value":"1.00"},"userInfo":{"custId":"af1aab4c-f3c4-47ee-9dab-c2b878ebaf57","email":"arav@test.com","firstName":"Arav","lastName":"Saraff","mobile":"9830873730"},"callbackUrl":"https://pg-staging.paytm.in/MerchantSite/bankResponse"}}
[2020-07-04T12:02:10.895Z] [PAYTM] INFO [NODE-SDK:1.0.0:498b95e0-39b4-41a8-85d5-fd889a64df39] <EncDecUtil>: generateSignature() called
[2020-07-04T12:02:10.896Z] [PAYTM] INFO [NODE-SDK:1.0.0:498b95e0-39b4-41a8-85d5-fd889a64df39] <EncDecUtil>: generateRandomString() called
[2020-07-04T12:02:10.899Z] [PAYTM] INFO [NODE-SDK:1.0.0:498b95e0-39b4-41a8-85d5-fd889a64df39] <EncDecUtil>: generateSalt returns: 3uYW
[2020-07-04T12:02:10.900Z] [PAYTM] INFO [NODE-SDK:1.0.0:498b95e0-39b4-41a8-85d5-fd889a64df39] <EncDecUtil>: getChecksumFromString returns: WAxLLmBU2kG7UULJlok8gN0nkX7CjTqfj47oXlNXoT++tV/h5MdMR4IjNzyo3aJ2S0D0jbmlDFde7WNzUYOwdWv4bsY8kaEpiUjnmd6V2Zk=
[2020-07-04T12:02:10.901Z] [PAYTM] INFO [NODE-SDK:1.0.0:498b95e0-39b4-41a8-85d5-fd889a64df39] <Request>: process for request: {"head":{"version":"v2","channelId":"WEB","requestTimestamp":"1593864130893","signature":"WAxLLmBU2kG7UULJlok8gN0nkX7CjTqfj47oXlNXoT++tV/h5MdMR4IjNzyo3aJ2S0D0jbmlDFde7WNzUYOwdWv4bsY8kaEpiUjnmd6V2Zk="},"body":{"requestType":"Payment","mid":"DRoMSL11748752394018","orderId":"bf2819c8-7796-44f8-96d8-68d873bb5264","websiteName":"WEBSTAGING","txnAmount":{"currency":"INR","value":"1.00"},"userInfo":{"custId":"af1aab4c-f3c4-47ee-9dab-c2b878ebaf57","email":"arav@test.com","firstName":"Arav","lastName":"Saraff","mobile":"9830873730"},"callbackUrl":"https://pg-staging.paytm.in/MerchantSite/bankResponse"}}
[2020-07-04T12:02:10.901Z] [PAYTM] INFO [NODE-SDK:1.0.0:498b95e0-39b4-41a8-85d5-fd889a64df39] <Request>: executeCurl called 
[2020-07-04T12:02:10.902Z] [PAYTM] INFO [NODE-SDK:1.0.0:498b95e0-39b4-41a8-85d5-fd889a64df39] <Request>: will make API call to: https://securegw-stage.paytm.in/theia/api/v1/initiateTransaction?mid=DRoMSL11748752394018&orderId=bf2819c8-7796-44f8-96d8-68d873bb5264
[2020-07-04T12:02:11.402Z] [PAYTM] INFO [NODE-SDK:1.0.0:498b95e0-39b4-41a8-85d5-fd889a64df39] <Request>: API response received upon successful execution: {"head":{"responseTimestamp":"1593864131284","version":"v1","signature":"uKtT9CQev1pKZR6UvwWyP4pRdlvT/Qed2wGopYGaWJFDwqDcPXkkrcNUCD9VSBG8NXHP0yKRGKQoeso/QV9pzVYFKc3THpZkfd9GjgPSzAo="},"body":{"resultInfo":{"resultStatus":"S","resultCode":"0000","resultMsg":"Success"},"txnToken":"fb0e1dba39e04927bc39e5e277f77c351593864131283","isPromoCodeValid":false,"authenticated":false}}
[2020-07-04T12:02:11.403Z] [PAYTM] INFO [NODE-SDK:1.0.0:498b95e0-39b4-41a8-85d5-fd889a64df39] <Request>: Raw Response: {"head":{"responseTimestamp":"1593864131284","version":"v1","signature":"uKtT9CQev1pKZR6UvwWyP4pRdlvT/Qed2wGopYGaWJFDwqDcPXkkrcNUCD9VSBG8NXHP0yKRGKQoeso/QV9pzVYFKc3THpZkfd9GjgPSzAo="},"body":{"resultInfo":{"resultStatus":"S","resultCode":"0000","resultMsg":"Success"},"txnToken":"fb0e1dba39e04927bc39e5e277f77c351593864131283","isPromoCodeValid":false,"authenticated":false}}
[2020-07-04T12:02:11.406Z] [PAYTM] INFO [NODE-SDK:1.0.0:498b95e0-39b4-41a8-85d5-fd889a64df39] <Request>: Response Data Object: {"head":{"signature":"uKtT9CQev1pKZR6UvwWyP4pRdlvT/Qed2wGopYGaWJFDwqDcPXkkrcNUCD9VSBG8NXHP0yKRGKQoeso/QV9pzVYFKc3THpZkfd9GjgPSzAo=","responseTimestamp":"1593864131284","version":"v1"},"body":{"txnToken":"fb0e1dba39e04927bc39e5e277f77c351593864131283","isPromoCodeValid":false,"resultInfo":{"resultStatus":"S","resultMsg":"Success","resultCode":"0000"},"extraParamsMap":{}}}
[2020-07-04T12:02:11.406Z] [PAYTM] INFO [NODE-SDK:1.0.0:498b95e0-39b4-41a8-85d5-fd889a64df39] <Request>: validating signature 
[2020-07-04T12:02:11.408Z] [PAYTM] INFO [NODE-SDK:1.0.0:498b95e0-39b4-41a8-85d5-fd889a64df39] <EncDecUtil>: verifyChecksumByString called()
[2020-07-04T12:02:11.410Z] [PAYTM] INFO [NODE-SDK:1.0.0:498b95e0-39b4-41a8-85d5-fd889a64df39] <EncDecUtil>: verifyChecksumByString returns: true
[2020-07-04T12:02:11.410Z] [PAYTM] INFO [NODE-SDK:1.0.0:498b95e0-39b4-41a8-85d5-fd889a64df39] <Request>: signature validation passed 
[2020-07-04T12:02:11.410Z] [PAYTM] INFO [NODE-SDK:1.0.0:498b95e0-39b4-41a8-85d5-fd889a64df39] <Request>: Execution completed with raw json response: {"head":{"responseTimestamp":"1593864131284","version":"v1","signature":"uKtT9CQev1pKZR6UvwWyP4pRdlvT/Qed2wGopYGaWJFDwqDcPXkkrcNUCD9VSBG8NXHP0yKRGKQoeso/QV9pzVYFKc3THpZkfd9GjgPSzAo="},"body":{"resultInfo":{"resultStatus":"S","resultCode":"0000","resultMsg":"Success"},"txnToken":"fb0e1dba39e04927bc39e5e277f77c351593864131283","isPromoCodeValid":false,"authenticated":false}}
[2020-07-04T12:10:15.255Z] [PAYTM] INFO [NODE-SDK1.0.0] <MerchantProperties>: initialize called
[2020-07-04T12:10:15.256Z] [PAYTM] INFO [NODE-SDK1.0.0] <MerchantProperties>: Setting Environment for STAGE
[2020-07-04T12:10:15.257Z] [PAYTM] INFO [NODE-SDK:1.0.0:385aab7a-6814-4c12-a654-89aea318f779] <Payment>: In createTxnToken PaymentDetail: {"channelId":"WEB","orderId":"48c411d8-4080-4a10-a50d-a61d29ca814a","txnAmount":{"currency":"INR","value":"1.00"},"userInfo":{"custId":"264968a1-a81a-4394-adda-bfc28cab6b21","email":"arav@test.com","firstName":"Arav","lastName":"Saraff","mobile":"9830873730"},"readTimeout":80000}
[2020-07-04T12:10:15.257Z] [PAYTM] INFO [NODE-SDK:1.0.0:385aab7a-6814-4c12-a654-89aea318f779] <Payment>: validatePaymentDetailsObject for object: {"channelId":"WEB","orderId":"48c411d8-4080-4a10-a50d-a61d29ca814a","txnAmount":{"currency":"INR","value":"1.00"},"userInfo":{"custId":"264968a1-a81a-4394-adda-bfc28cab6b21","email":"arav@test.com","firstName":"Arav","lastName":"Saraff","mobile":"9830873730"},"readTimeout":80000}
[2020-07-04T12:10:15.257Z] [PAYTM] INFO [NODE-SDK:1.0.0:385aab7a-6814-4c12-a654-89aea318f779] <Payment>:  validatePaymentDetailsObject returns true 
[2020-07-04T12:10:15.257Z] [PAYTM] INFO [NODE-SDK:1.0.0:385aab7a-6814-4c12-a654-89aea318f779] <CommonUtil>: In getSecureRequestHeader
[2020-07-04T12:10:15.259Z] [PAYTM] INFO [NODE-SDK:1.0.0:385aab7a-6814-4c12-a654-89aea318f779] <Payment>: InitiateTransactionRequest object {"head":{"version":"v2","channelId":"WEB","requestTimestamp":"1593864615257","signature":null},"body":{"requestType":"Payment","mid":"DRoMSL11748752394018","orderId":"48c411d8-4080-4a10-a50d-a61d29ca814a","websiteName":"WEBSTAGING","txnAmount":{"currency":"INR","value":"1.00"},"userInfo":{"custId":"264968a1-a81a-4394-adda-bfc28cab6b21","email":"arav@test.com","firstName":"Arav","lastName":"Saraff","mobile":"9830873730"},"callbackUrl":"https://pg-staging.paytm.in/MerchantSite/bankResponse"}}
[2020-07-04T12:10:15.259Z] [PAYTM] INFO [NODE-SDK:1.0.0:385aab7a-6814-4c12-a654-89aea318f779] <EncDecUtil>: generateSignature() called
[2020-07-04T12:10:15.259Z] [PAYTM] INFO [NODE-SDK:1.0.0:385aab7a-6814-4c12-a654-89aea318f779] <EncDecUtil>: generateRandomString() called
[2020-07-04T12:10:15.261Z] [PAYTM] INFO [NODE-SDK:1.0.0:385aab7a-6814-4c12-a654-89aea318f779] <EncDecUtil>: generateSalt returns: /UZ8
[2020-07-04T12:10:15.261Z] [PAYTM] INFO [NODE-SDK:1.0.0:385aab7a-6814-4c12-a654-89aea318f779] <EncDecUtil>: getChecksumFromString returns: yj+4DP02xv7mO+tNbVbfNGgxoggrJ0QukvP7F8KB6wjWYIQTOzY3qlQts7h8qMKM2AdRIVRKcu3G1+1d/uVwEVQhFCL5iDn/ifKFUIb94j0=
[2020-07-04T12:10:15.262Z] [PAYTM] INFO [NODE-SDK:1.0.0:385aab7a-6814-4c12-a654-89aea318f779] <Request>: process for request: {"head":{"version":"v2","channelId":"WEB","requestTimestamp":"1593864615257","signature":"yj+4DP02xv7mO+tNbVbfNGgxoggrJ0QukvP7F8KB6wjWYIQTOzY3qlQts7h8qMKM2AdRIVRKcu3G1+1d/uVwEVQhFCL5iDn/ifKFUIb94j0="},"body":{"requestType":"Payment","mid":"DRoMSL11748752394018","orderId":"48c411d8-4080-4a10-a50d-a61d29ca814a","websiteName":"WEBSTAGING","txnAmount":{"currency":"INR","value":"1.00"},"userInfo":{"custId":"264968a1-a81a-4394-adda-bfc28cab6b21","email":"arav@test.com","firstName":"Arav","lastName":"Saraff","mobile":"9830873730"},"callbackUrl":"https://pg-staging.paytm.in/MerchantSite/bankResponse"}}
[2020-07-04T12:10:15.262Z] [PAYTM] INFO [NODE-SDK:1.0.0:385aab7a-6814-4c12-a654-89aea318f779] <Request>: executeCurl called 
[2020-07-04T12:10:15.262Z] [PAYTM] INFO [NODE-SDK:1.0.0:385aab7a-6814-4c12-a654-89aea318f779] <Request>: will make API call to: https://securegw-stage.paytm.in/theia/api/v1/initiateTransaction?mid=DRoMSL11748752394018&orderId=48c411d8-4080-4a10-a50d-a61d29ca814a
[2020-07-04T12:10:15.645Z] [PAYTM] INFO [NODE-SDK:1.0.0:385aab7a-6814-4c12-a654-89aea318f779] <Request>: API response received upon successful execution: {"head":{"responseTimestamp":"1593864615593","version":"v1","signature":"zJDBihVkPiF49Ym/qF5MVlAOaqWyvkrGYv+rE6PyWnEX+zAm3A3MZ9tRVwg2yX65NqazobL7ytM/ZNwxyXTxvGCaV2nDHV8yGjCCV45ZKMI="},"body":{"resultInfo":{"resultStatus":"S","resultCode":"0000","resultMsg":"Success"},"txnToken":"e46af7cfcb054397a1c65870a32dbac81593864615592","isPromoCodeValid":false,"authenticated":false}}
[2020-07-04T12:10:15.646Z] [PAYTM] INFO [NODE-SDK:1.0.0:385aab7a-6814-4c12-a654-89aea318f779] <Request>: Raw Response: {"head":{"responseTimestamp":"1593864615593","version":"v1","signature":"zJDBihVkPiF49Ym/qF5MVlAOaqWyvkrGYv+rE6PyWnEX+zAm3A3MZ9tRVwg2yX65NqazobL7ytM/ZNwxyXTxvGCaV2nDHV8yGjCCV45ZKMI="},"body":{"resultInfo":{"resultStatus":"S","resultCode":"0000","resultMsg":"Success"},"txnToken":"e46af7cfcb054397a1c65870a32dbac81593864615592","isPromoCodeValid":false,"authenticated":false}}
[2020-07-04T12:10:15.648Z] [PAYTM] INFO [NODE-SDK:1.0.0:385aab7a-6814-4c12-a654-89aea318f779] <Request>: Response Data Object: {"head":{"signature":"zJDBihVkPiF49Ym/qF5MVlAOaqWyvkrGYv+rE6PyWnEX+zAm3A3MZ9tRVwg2yX65NqazobL7ytM/ZNwxyXTxvGCaV2nDHV8yGjCCV45ZKMI=","responseTimestamp":"1593864615593","version":"v1"},"body":{"txnToken":"e46af7cfcb054397a1c65870a32dbac81593864615592","isPromoCodeValid":false,"resultInfo":{"resultStatus":"S","resultMsg":"Success","resultCode":"0000"},"extraParamsMap":{}}}
[2020-07-04T12:10:15.649Z] [PAYTM] INFO [NODE-SDK:1.0.0:385aab7a-6814-4c12-a654-89aea318f779] <Request>: validating signature 
[2020-07-04T12:10:15.649Z] [PAYTM] INFO [NODE-SDK:1.0.0:385aab7a-6814-4c12-a654-89aea318f779] <EncDecUtil>: verifyChecksumByString called()
[2020-07-04T12:10:15.650Z] [PAYTM] INFO [NODE-SDK:1.0.0:385aab7a-6814-4c12-a654-89aea318f779] <EncDecUtil>: verifyChecksumByString returns: true
[2020-07-04T12:10:15.650Z] [PAYTM] INFO [NODE-SDK:1.0.0:385aab7a-6814-4c12-a654-89aea318f779] <Request>: signature validation passed 
[2020-07-04T12:10:15.650Z] [PAYTM] INFO [NODE-SDK:1.0.0:385aab7a-6814-4c12-a654-89aea318f779] <Request>: Execution completed with raw json response: {"head":{"responseTimestamp":"1593864615593","version":"v1","signature":"zJDBihVkPiF49Ym/qF5MVlAOaqWyvkrGYv+rE6PyWnEX+zAm3A3MZ9tRVwg2yX65NqazobL7ytM/ZNwxyXTxvGCaV2nDHV8yGjCCV45ZKMI="},"body":{"resultInfo":{"resultStatus":"S","resultCode":"0000","resultMsg":"Success"},"txnToken":"e46af7cfcb054397a1c65870a32dbac81593864615592","isPromoCodeValid":false,"authenticated":false}}
[2020-07-04T12:10:15.658Z] [PAYTM] INFO [NODE-SDK:1.0.0:e57ec1a3-ff5b-4a29-b3c2-e4806e1330bb] <Payment>: In getPaymentStatus PaymentStatusDetail: {"orderId":"48c411d8-4080-4a10-a50d-a61d29ca814a","readTimeout":80000}
[2020-07-04T12:10:15.659Z] [PAYTM] INFO [NODE-SDK:1.0.0:e57ec1a3-ff5b-4a29-b3c2-e4806e1330bb] <Payment>: validatePaymentStatusDetailObject for request: {"orderId":"48c411d8-4080-4a10-a50d-a61d29ca814a","readTimeout":80000}
[2020-07-04T12:10:15.659Z] [PAYTM] INFO [NODE-SDK:1.0.0:e57ec1a3-ff5b-4a29-b3c2-e4806e1330bb] <Payment>:  validatePaymentStatusDetailObject returns true 
[2020-07-04T12:10:15.659Z] [PAYTM] INFO [NODE-SDK:1.0.0:e57ec1a3-ff5b-4a29-b3c2-e4806e1330bb] <CommonUtil>: In getSecureRequestHeader
[2020-07-04T12:10:15.660Z] [PAYTM] INFO [NODE-SDK:1.0.0:e57ec1a3-ff5b-4a29-b3c2-e4806e1330bb] <Payment>: NativePaymentStatusRequest object {"head":{"version":"v2","channelId":null,"requestTimestamp":"1593864615659","workFlow":null,"signature":null},"body":{"mid":"DRoMSL11748752394018","orderId":"48c411d8-4080-4a10-a50d-a61d29ca814a"}}
[2020-07-04T12:10:15.660Z] [PAYTM] INFO [NODE-SDK:1.0.0:e57ec1a3-ff5b-4a29-b3c2-e4806e1330bb] <EncDecUtil>: generateSignature() called
[2020-07-04T12:10:15.660Z] [PAYTM] INFO [NODE-SDK:1.0.0:e57ec1a3-ff5b-4a29-b3c2-e4806e1330bb] <EncDecUtil>: generateRandomString() called
[2020-07-04T12:10:15.667Z] [PAYTM] INFO [NODE-SDK:1.0.0:e57ec1a3-ff5b-4a29-b3c2-e4806e1330bb] <EncDecUtil>: generateSalt returns: bNaW
[2020-07-04T12:10:15.668Z] [PAYTM] INFO [NODE-SDK:1.0.0:e57ec1a3-ff5b-4a29-b3c2-e4806e1330bb] <EncDecUtil>: getChecksumFromString returns: 3WiqcRxLsNw6coh88OKJqU4iT1m5E+P8u0ye7wPwurVDiROXGj1/DrMMUHRejiqzcwyCQ/LvNFXj6dYWo2SIw0E7gPY6XfiehPd6vGfOuz4=
[2020-07-04T12:10:15.669Z] [PAYTM] INFO [NODE-SDK:1.0.0:e57ec1a3-ff5b-4a29-b3c2-e4806e1330bb] <Request>: process for request: {"head":{"version":"v2","channelId":null,"requestTimestamp":"1593864615659","workFlow":null,"signature":"3WiqcRxLsNw6coh88OKJqU4iT1m5E+P8u0ye7wPwurVDiROXGj1/DrMMUHRejiqzcwyCQ/LvNFXj6dYWo2SIw0E7gPY6XfiehPd6vGfOuz4="},"body":{"mid":"DRoMSL11748752394018","orderId":"48c411d8-4080-4a10-a50d-a61d29ca814a"}}
[2020-07-04T12:10:15.669Z] [PAYTM] INFO [NODE-SDK:1.0.0:e57ec1a3-ff5b-4a29-b3c2-e4806e1330bb] <Request>: executeCurl called 
[2020-07-04T12:10:15.670Z] [PAYTM] INFO [NODE-SDK:1.0.0:e57ec1a3-ff5b-4a29-b3c2-e4806e1330bb] <Request>: will make API call to: https://securegw-stage.paytm.in/merchant-status/api/v1/getPaymentStatus
[2020-07-04T12:10:16.048Z] [PAYTM] INFO [NODE-SDK:1.0.0:e57ec1a3-ff5b-4a29-b3c2-e4806e1330bb] <Request>: API response received upon successful execution: {"head":{"responseTimestamp":"1593864615947","version":"v1","signature":"m8LPNBxczM9ep4Kq5RrMyEktvs+k5rb1qsK0HHgUimUqvR7LKkLEBM2JMpOVCCDb6su/6M34RjmCeWWA1BF5VMGTFvKYGfQaI4kp+eDPH6M="},"body":{"resultInfo":{"resultStatus":"TXN_FAILURE","resultCode":"334","resultMsg":"Invalid Order Id."},"orderId":"48c411d8-4080-4a10-a50d-a61d29ca814a","mid":"DRoMSL11748752394018"}}
[2020-07-04T12:10:16.049Z] [PAYTM] INFO [NODE-SDK:1.0.0:e57ec1a3-ff5b-4a29-b3c2-e4806e1330bb] <Request>: Raw Response: {"head":{"responseTimestamp":"1593864615947","version":"v1","signature":"m8LPNBxczM9ep4Kq5RrMyEktvs+k5rb1qsK0HHgUimUqvR7LKkLEBM2JMpOVCCDb6su/6M34RjmCeWWA1BF5VMGTFvKYGfQaI4kp+eDPH6M="},"body":{"resultInfo":{"resultStatus":"TXN_FAILURE","resultCode":"334","resultMsg":"Invalid Order Id."},"orderId":"48c411d8-4080-4a10-a50d-a61d29ca814a","mid":"DRoMSL11748752394018"}}
[2020-07-04T12:10:16.053Z] [PAYTM] INFO [NODE-SDK:1.0.0:e57ec1a3-ff5b-4a29-b3c2-e4806e1330bb] <Request>: Response Data Object: {"head":{"signature":"m8LPNBxczM9ep4Kq5RrMyEktvs+k5rb1qsK0HHgUimUqvR7LKkLEBM2JMpOVCCDb6su/6M34RjmCeWWA1BF5VMGTFvKYGfQaI4kp+eDPH6M=","responseTimestamp":"1593864615947","version":"v1"},"body":{"orderId":"48c411d8-4080-4a10-a50d-a61d29ca814a","mid":"DRoMSL11748752394018","resultInfo":{"resultStatus":"TXN_FAILURE","resultMsg":"Invalid Order Id.","resultCode":"334"},"extraParamsMap":{}}}
[2020-07-04T12:10:16.053Z] [PAYTM] INFO [NODE-SDK:1.0.0:e57ec1a3-ff5b-4a29-b3c2-e4806e1330bb] <Request>: Execution completed with raw json response: {"head":{"responseTimestamp":"1593864615947","version":"v1","signature":"m8LPNBxczM9ep4Kq5RrMyEktvs+k5rb1qsK0HHgUimUqvR7LKkLEBM2JMpOVCCDb6su/6M34RjmCeWWA1BF5VMGTFvKYGfQaI4kp+eDPH6M="},"body":{"resultInfo":{"resultStatus":"TXN_FAILURE","resultCode":"334","resultMsg":"Invalid Order Id."},"orderId":"48c411d8-4080-4a10-a50d-a61d29ca814a","mid":"DRoMSL11748752394018"}}
[2020-07-04T12:10:39.183Z] [PAYTM] INFO [NODE-SDK1.0.0] <MerchantProperties>: initialize called
[2020-07-04T12:10:39.185Z] [PAYTM] INFO [NODE-SDK1.0.0] <MerchantProperties>: Setting Environment for STAGE
[2020-07-04T12:10:39.186Z] [PAYTM] INFO [NODE-SDK:1.0.0:4d1abe32-26b5-4be3-ab43-1131c2db3cf7] <Payment>: In createTxnToken PaymentDetail: {"channelId":"WEB","orderId":"79f50d51-6385-457d-91f0-27a83b1203fd","txnAmount":{"currency":"INR","value":"1.00"},"userInfo":{"custId":"853b46a2-245a-4eb8-aac1-e05f51f2bc5d","email":"arav@test.com","firstName":"Arav","lastName":"Saraff","mobile":"9830873730"},"readTimeout":80000}
[2020-07-04T12:10:39.186Z] [PAYTM] INFO [NODE-SDK:1.0.0:4d1abe32-26b5-4be3-ab43-1131c2db3cf7] <Payment>: validatePaymentDetailsObject for object: {"channelId":"WEB","orderId":"79f50d51-6385-457d-91f0-27a83b1203fd","txnAmount":{"currency":"INR","value":"1.00"},"userInfo":{"custId":"853b46a2-245a-4eb8-aac1-e05f51f2bc5d","email":"arav@test.com","firstName":"Arav","lastName":"Saraff","mobile":"9830873730"},"readTimeout":80000}
[2020-07-04T12:10:39.187Z] [PAYTM] INFO [NODE-SDK:1.0.0:4d1abe32-26b5-4be3-ab43-1131c2db3cf7] <Payment>:  validatePaymentDetailsObject returns true 
[2020-07-04T12:10:39.187Z] [PAYTM] INFO [NODE-SDK:1.0.0:4d1abe32-26b5-4be3-ab43-1131c2db3cf7] <CommonUtil>: In getSecureRequestHeader
[2020-07-04T12:10:39.188Z] [PAYTM] INFO [NODE-SDK:1.0.0:4d1abe32-26b5-4be3-ab43-1131c2db3cf7] <Payment>: InitiateTransactionRequest object {"head":{"version":"v2","channelId":"WEB","requestTimestamp":"1593864639187","signature":null},"body":{"requestType":"Payment","mid":"DRoMSL11748752394018","orderId":"79f50d51-6385-457d-91f0-27a83b1203fd","websiteName":"WEBSTAGING","txnAmount":{"currency":"INR","value":"1.00"},"userInfo":{"custId":"853b46a2-245a-4eb8-aac1-e05f51f2bc5d","email":"arav@test.com","firstName":"Arav","lastName":"Saraff","mobile":"9830873730"},"callbackUrl":"https://pg-staging.paytm.in/MerchantSite/bankResponse"}}
[2020-07-04T12:10:39.188Z] [PAYTM] INFO [NODE-SDK:1.0.0:4d1abe32-26b5-4be3-ab43-1131c2db3cf7] <EncDecUtil>: generateSignature() called
[2020-07-04T12:10:39.188Z] [PAYTM] INFO [NODE-SDK:1.0.0:4d1abe32-26b5-4be3-ab43-1131c2db3cf7] <EncDecUtil>: generateRandomString() called
[2020-07-04T12:10:39.190Z] [PAYTM] INFO [NODE-SDK:1.0.0:4d1abe32-26b5-4be3-ab43-1131c2db3cf7] <EncDecUtil>: generateSalt returns: Fq0u
[2020-07-04T12:10:39.190Z] [PAYTM] INFO [NODE-SDK:1.0.0:4d1abe32-26b5-4be3-ab43-1131c2db3cf7] <EncDecUtil>: getChecksumFromString returns: wWgUxqibPBYseXKfdpBLFwt32GpuJPKab9YAp/H2+kNE7087W70XMbxpVm3hzLqxngm+2k4o2kHoSHy5P+4N8hbCRkjqf2viQ7xjZAMrqaY=
[2020-07-04T12:10:39.191Z] [PAYTM] INFO [NODE-SDK:1.0.0:4d1abe32-26b5-4be3-ab43-1131c2db3cf7] <Request>: process for request: {"head":{"version":"v2","channelId":"WEB","requestTimestamp":"1593864639187","signature":"wWgUxqibPBYseXKfdpBLFwt32GpuJPKab9YAp/H2+kNE7087W70XMbxpVm3hzLqxngm+2k4o2kHoSHy5P+4N8hbCRkjqf2viQ7xjZAMrqaY="},"body":{"requestType":"Payment","mid":"DRoMSL11748752394018","orderId":"79f50d51-6385-457d-91f0-27a83b1203fd","websiteName":"WEBSTAGING","txnAmount":{"currency":"INR","value":"1.00"},"userInfo":{"custId":"853b46a2-245a-4eb8-aac1-e05f51f2bc5d","email":"arav@test.com","firstName":"Arav","lastName":"Saraff","mobile":"9830873730"},"callbackUrl":"https://pg-staging.paytm.in/MerchantSite/bankResponse"}}
[2020-07-04T12:10:39.191Z] [PAYTM] INFO [NODE-SDK:1.0.0:4d1abe32-26b5-4be3-ab43-1131c2db3cf7] <Request>: executeCurl called 
[2020-07-04T12:10:39.191Z] [PAYTM] INFO [NODE-SDK:1.0.0:4d1abe32-26b5-4be3-ab43-1131c2db3cf7] <Request>: will make API call to: https://securegw-stage.paytm.in/theia/api/v1/initiateTransaction?mid=DRoMSL11748752394018&orderId=79f50d51-6385-457d-91f0-27a83b1203fd
[2020-07-04T12:10:39.419Z] [PAYTM] INFO [NODE-SDK:1.0.0:4d1abe32-26b5-4be3-ab43-1131c2db3cf7] <Request>: API response received upon successful execution: {"head":{"responseTimestamp":"1593864639375","version":"v1","signature":"0GBAuKqURWx9aZ70pMRkA1aMjp39bIHI1jqzKaABfe+5aF0KM0glyR/f2qU3ZUHZoaLYt5NO0b+08Nml+aewCdJY48p4+NqU+Yc7VkyzztI="},"body":{"resultInfo":{"resultStatus":"S","resultCode":"0000","resultMsg":"Success"},"txnToken":"70e51d6885bf48909ef6472d5f7e82161593864639374","isPromoCodeValid":false,"authenticated":false}}
[2020-07-04T12:10:39.420Z] [PAYTM] INFO [NODE-SDK:1.0.0:4d1abe32-26b5-4be3-ab43-1131c2db3cf7] <Request>: Raw Response: {"head":{"responseTimestamp":"1593864639375","version":"v1","signature":"0GBAuKqURWx9aZ70pMRkA1aMjp39bIHI1jqzKaABfe+5aF0KM0glyR/f2qU3ZUHZoaLYt5NO0b+08Nml+aewCdJY48p4+NqU+Yc7VkyzztI="},"body":{"resultInfo":{"resultStatus":"S","resultCode":"0000","resultMsg":"Success"},"txnToken":"70e51d6885bf48909ef6472d5f7e82161593864639374","isPromoCodeValid":false,"authenticated":false}}
[2020-07-04T12:10:39.422Z] [PAYTM] INFO [NODE-SDK:1.0.0:4d1abe32-26b5-4be3-ab43-1131c2db3cf7] <Request>: Response Data Object: {"head":{"signature":"0GBAuKqURWx9aZ70pMRkA1aMjp39bIHI1jqzKaABfe+5aF0KM0glyR/f2qU3ZUHZoaLYt5NO0b+08Nml+aewCdJY48p4+NqU+Yc7VkyzztI=","responseTimestamp":"1593864639375","version":"v1"},"body":{"txnToken":"70e51d6885bf48909ef6472d5f7e82161593864639374","isPromoCodeValid":false,"resultInfo":{"resultStatus":"S","resultMsg":"Success","resultCode":"0000"},"extraParamsMap":{}}}
[2020-07-04T12:10:39.423Z] [PAYTM] INFO [NODE-SDK:1.0.0:4d1abe32-26b5-4be3-ab43-1131c2db3cf7] <Request>: validating signature 
[2020-07-04T12:10:39.423Z] [PAYTM] INFO [NODE-SDK:1.0.0:4d1abe32-26b5-4be3-ab43-1131c2db3cf7] <EncDecUtil>: verifyChecksumByString called()
[2020-07-04T12:10:39.424Z] [PAYTM] INFO [NODE-SDK:1.0.0:4d1abe32-26b5-4be3-ab43-1131c2db3cf7] <EncDecUtil>: verifyChecksumByString returns: true
[2020-07-04T12:10:39.424Z] [PAYTM] INFO [NODE-SDK:1.0.0:4d1abe32-26b5-4be3-ab43-1131c2db3cf7] <Request>: signature validation passed 
[2020-07-04T12:10:39.425Z] [PAYTM] INFO [NODE-SDK:1.0.0:4d1abe32-26b5-4be3-ab43-1131c2db3cf7] <Request>: Execution completed with raw json response: {"head":{"responseTimestamp":"1593864639375","version":"v1","signature":"0GBAuKqURWx9aZ70pMRkA1aMjp39bIHI1jqzKaABfe+5aF0KM0glyR/f2qU3ZUHZoaLYt5NO0b+08Nml+aewCdJY48p4+NqU+Yc7VkyzztI="},"body":{"resultInfo":{"resultStatus":"S","resultCode":"0000","resultMsg":"Success"},"txnToken":"70e51d6885bf48909ef6472d5f7e82161593864639374","isPromoCodeValid":false,"authenticated":false}}
[2020-07-04T12:10:39.432Z] [PAYTM] INFO [NODE-SDK:1.0.0:6708f247-16b9-42af-ba3c-125cfcb211a6] <Payment>: In getPaymentStatus PaymentStatusDetail: {"orderId":"79f50d51-6385-457d-91f0-27a83b1203fd","readTimeout":80000}
[2020-07-04T12:10:39.433Z] [PAYTM] INFO [NODE-SDK:1.0.0:6708f247-16b9-42af-ba3c-125cfcb211a6] <Payment>: validatePaymentStatusDetailObject for request: {"orderId":"79f50d51-6385-457d-91f0-27a83b1203fd","readTimeout":80000}
[2020-07-04T12:10:39.433Z] [PAYTM] INFO [NODE-SDK:1.0.0:6708f247-16b9-42af-ba3c-125cfcb211a6] <Payment>:  validatePaymentStatusDetailObject returns true 
[2020-07-04T12:10:39.433Z] [PAYTM] INFO [NODE-SDK:1.0.0:6708f247-16b9-42af-ba3c-125cfcb211a6] <CommonUtil>: In getSecureRequestHeader
[2020-07-04T12:10:39.434Z] [PAYTM] INFO [NODE-SDK:1.0.0:6708f247-16b9-42af-ba3c-125cfcb211a6] <Payment>: NativePaymentStatusRequest object {"head":{"version":"v2","channelId":null,"requestTimestamp":"1593864639434","workFlow":null,"signature":null},"body":{"mid":"DRoMSL11748752394018","orderId":"79f50d51-6385-457d-91f0-27a83b1203fd"}}
[2020-07-04T12:10:39.435Z] [PAYTM] INFO [NODE-SDK:1.0.0:6708f247-16b9-42af-ba3c-125cfcb211a6] <EncDecUtil>: generateSignature() called
[2020-07-04T12:10:39.435Z] [PAYTM] INFO [NODE-SDK:1.0.0:6708f247-16b9-42af-ba3c-125cfcb211a6] <EncDecUtil>: generateRandomString() called
[2020-07-04T12:10:39.438Z] [PAYTM] INFO [NODE-SDK:1.0.0:6708f247-16b9-42af-ba3c-125cfcb211a6] <EncDecUtil>: generateSalt returns: DWsD
[2020-07-04T12:10:39.439Z] [PAYTM] INFO [NODE-SDK:1.0.0:6708f247-16b9-42af-ba3c-125cfcb211a6] <EncDecUtil>: getChecksumFromString returns: A7T9z3wzJAYGTeL8Usgh97g4eaAWgoxROED1NYdtnlgsBW7v6cLdIfKuH/KfvN5ALJTLcaUrrbmg4drV0+DzZ3zTI+GC5w99H/1BdvgcAOA=
[2020-07-04T12:10:39.439Z] [PAYTM] INFO [NODE-SDK:1.0.0:6708f247-16b9-42af-ba3c-125cfcb211a6] <Request>: process for request: {"head":{"version":"v2","channelId":null,"requestTimestamp":"1593864639434","workFlow":null,"signature":"A7T9z3wzJAYGTeL8Usgh97g4eaAWgoxROED1NYdtnlgsBW7v6cLdIfKuH/KfvN5ALJTLcaUrrbmg4drV0+DzZ3zTI+GC5w99H/1BdvgcAOA="},"body":{"mid":"DRoMSL11748752394018","orderId":"79f50d51-6385-457d-91f0-27a83b1203fd"}}
[2020-07-04T12:10:39.440Z] [PAYTM] INFO [NODE-SDK:1.0.0:6708f247-16b9-42af-ba3c-125cfcb211a6] <Request>: executeCurl called 
[2020-07-04T12:10:39.440Z] [PAYTM] INFO [NODE-SDK:1.0.0:6708f247-16b9-42af-ba3c-125cfcb211a6] <Request>: will make API call to: https://securegw-stage.paytm.in/merchant-status/api/v1/getPaymentStatus
[2020-07-04T12:10:39.728Z] [PAYTM] INFO [NODE-SDK:1.0.0:6708f247-16b9-42af-ba3c-125cfcb211a6] <Request>: API response received upon successful execution: {"head":{"responseTimestamp":"1593864639664","version":"v1","signature":"2c2q1ZymoGcbLXqCNFZqKOpFtZBAZHu/cZjNObfJLEDTwLm8a2yjy0oM+c+Qe1BUBVa1FAKfJ5PC5Zdkjlhg8hl+q1X0V1HBlKr38hZZOHs="},"body":{"resultInfo":{"resultStatus":"TXN_FAILURE","resultCode":"334","resultMsg":"Invalid Order Id."},"orderId":"79f50d51-6385-457d-91f0-27a83b1203fd","mid":"DRoMSL11748752394018"}}
[2020-07-04T12:10:39.729Z] [PAYTM] INFO [NODE-SDK:1.0.0:6708f247-16b9-42af-ba3c-125cfcb211a6] <Request>: Raw Response: {"head":{"responseTimestamp":"1593864639664","version":"v1","signature":"2c2q1ZymoGcbLXqCNFZqKOpFtZBAZHu/cZjNObfJLEDTwLm8a2yjy0oM+c+Qe1BUBVa1FAKfJ5PC5Zdkjlhg8hl+q1X0V1HBlKr38hZZOHs="},"body":{"resultInfo":{"resultStatus":"TXN_FAILURE","resultCode":"334","resultMsg":"Invalid Order Id."},"orderId":"79f50d51-6385-457d-91f0-27a83b1203fd","mid":"DRoMSL11748752394018"}}
[2020-07-04T12:10:39.731Z] [PAYTM] INFO [NODE-SDK:1.0.0:6708f247-16b9-42af-ba3c-125cfcb211a6] <Request>: Response Data Object: {"head":{"signature":"2c2q1ZymoGcbLXqCNFZqKOpFtZBAZHu/cZjNObfJLEDTwLm8a2yjy0oM+c+Qe1BUBVa1FAKfJ5PC5Zdkjlhg8hl+q1X0V1HBlKr38hZZOHs=","responseTimestamp":"1593864639664","version":"v1"},"body":{"orderId":"79f50d51-6385-457d-91f0-27a83b1203fd","mid":"DRoMSL11748752394018","resultInfo":{"resultStatus":"TXN_FAILURE","resultMsg":"Invalid Order Id.","resultCode":"334"},"extraParamsMap":{}}}
[2020-07-04T12:10:39.731Z] [PAYTM] INFO [NODE-SDK:1.0.0:6708f247-16b9-42af-ba3c-125cfcb211a6] <Request>: Execution completed with raw json response: {"head":{"responseTimestamp":"1593864639664","version":"v1","signature":"2c2q1ZymoGcbLXqCNFZqKOpFtZBAZHu/cZjNObfJLEDTwLm8a2yjy0oM+c+Qe1BUBVa1FAKfJ5PC5Zdkjlhg8hl+q1X0V1HBlKr38hZZOHs="},"body":{"resultInfo":{"resultStatus":"TXN_FAILURE","resultCode":"334","resultMsg":"Invalid Order Id."},"orderId":"79f50d51-6385-457d-91f0-27a83b1203fd","mid":"DRoMSL11748752394018"}}
[2020-07-04T12:18:06.090Z] [PAYTM] INFO [NODE-SDK1.0.0] <MerchantProperties>: initialize called
[2020-07-04T12:18:06.094Z] [PAYTM] INFO [NODE-SDK1.0.0] <MerchantProperties>: Setting Environment for STAGE
[2020-07-04T12:18:06.097Z] [PAYTM] INFO [NODE-SDK:1.0.0:51e401b1-c0f3-4d15-ae38-7052cbae4a1a] <Payment>: In createTxnToken PaymentDetail: {"channelId":"WEB","orderId":"8f373de5-1d7e-4dcf-9371-cdaa2603c8fd","txnAmount":{"currency":"INR","value":"1.00"},"userInfo":{"custId":"c90d0189-a4ed-42a2-944e-f986345d6e57","email":"arav@test.com","firstName":"Arav","lastName":"Saraff","mobile":"9830873730"},"readTimeout":80000}
[2020-07-04T12:18:06.097Z] [PAYTM] INFO [NODE-SDK:1.0.0:51e401b1-c0f3-4d15-ae38-7052cbae4a1a] <Payment>: validatePaymentDetailsObject for object: {"channelId":"WEB","orderId":"8f373de5-1d7e-4dcf-9371-cdaa2603c8fd","txnAmount":{"currency":"INR","value":"1.00"},"userInfo":{"custId":"c90d0189-a4ed-42a2-944e-f986345d6e57","email":"arav@test.com","firstName":"Arav","lastName":"Saraff","mobile":"9830873730"},"readTimeout":80000}
[2020-07-04T12:18:06.098Z] [PAYTM] INFO [NODE-SDK:1.0.0:51e401b1-c0f3-4d15-ae38-7052cbae4a1a] <Payment>:  validatePaymentDetailsObject returns true 
[2020-07-04T12:18:06.099Z] [PAYTM] INFO [NODE-SDK:1.0.0:51e401b1-c0f3-4d15-ae38-7052cbae4a1a] <CommonUtil>: In getSecureRequestHeader
[2020-07-04T12:18:06.101Z] [PAYTM] INFO [NODE-SDK:1.0.0:51e401b1-c0f3-4d15-ae38-7052cbae4a1a] <Payment>: InitiateTransactionRequest object {"head":{"version":"v2","channelId":"WEB","requestTimestamp":"1593865086099","signature":null},"body":{"requestType":"Payment","mid":"DRoMSL11748752394018","orderId":"8f373de5-1d7e-4dcf-9371-cdaa2603c8fd","websiteName":"WEBSTAGING","txnAmount":{"currency":"INR","value":"1.00"},"userInfo":{"custId":"c90d0189-a4ed-42a2-944e-f986345d6e57","email":"arav@test.com","firstName":"Arav","lastName":"Saraff","mobile":"9830873730"},"callbackUrl":"https://pg-staging.paytm.in/MerchantSite/bankResponse"}}
[2020-07-04T12:18:06.102Z] [PAYTM] INFO [NODE-SDK:1.0.0:51e401b1-c0f3-4d15-ae38-7052cbae4a1a] <EncDecUtil>: generateSignature() called
[2020-07-04T12:18:06.102Z] [PAYTM] INFO [NODE-SDK:1.0.0:51e401b1-c0f3-4d15-ae38-7052cbae4a1a] <EncDecUtil>: generateRandomString() called
[2020-07-04T12:18:06.106Z] [PAYTM] INFO [NODE-SDK:1.0.0:51e401b1-c0f3-4d15-ae38-7052cbae4a1a] <EncDecUtil>: generateSalt returns: pU1s
[2020-07-04T12:18:06.107Z] [PAYTM] INFO [NODE-SDK:1.0.0:51e401b1-c0f3-4d15-ae38-7052cbae4a1a] <EncDecUtil>: getChecksumFromString returns: RP2GvbJzGasHOiKZ9O1C1pIWDGv5FEo9/edhEo06x3jjAGZo5JidkM4uSXIEI0bzToOFplcqaDphKYe5Daxsx7g6ELQcuxqpWbYBPA0cFLs=
[2020-07-04T12:18:06.108Z] [PAYTM] INFO [NODE-SDK:1.0.0:51e401b1-c0f3-4d15-ae38-7052cbae4a1a] <Request>: process for request: {"head":{"version":"v2","channelId":"WEB","requestTimestamp":"1593865086099","signature":"RP2GvbJzGasHOiKZ9O1C1pIWDGv5FEo9/edhEo06x3jjAGZo5JidkM4uSXIEI0bzToOFplcqaDphKYe5Daxsx7g6ELQcuxqpWbYBPA0cFLs="},"body":{"requestType":"Payment","mid":"DRoMSL11748752394018","orderId":"8f373de5-1d7e-4dcf-9371-cdaa2603c8fd","websiteName":"WEBSTAGING","txnAmount":{"currency":"INR","value":"1.00"},"userInfo":{"custId":"c90d0189-a4ed-42a2-944e-f986345d6e57","email":"arav@test.com","firstName":"Arav","lastName":"Saraff","mobile":"9830873730"},"callbackUrl":"https://pg-staging.paytm.in/MerchantSite/bankResponse"}}
[2020-07-04T12:18:06.108Z] [PAYTM] INFO [NODE-SDK:1.0.0:51e401b1-c0f3-4d15-ae38-7052cbae4a1a] <Request>: executeCurl called 
[2020-07-04T12:18:06.109Z] [PAYTM] INFO [NODE-SDK:1.0.0:51e401b1-c0f3-4d15-ae38-7052cbae4a1a] <Request>: will make API call to: https://securegw-stage.paytm.in/theia/api/v1/initiateTransaction?mid=DRoMSL11748752394018&orderId=8f373de5-1d7e-4dcf-9371-cdaa2603c8fd
[2020-07-04T12:18:06.478Z] [PAYTM] INFO [NODE-SDK:1.0.0:51e401b1-c0f3-4d15-ae38-7052cbae4a1a] <Request>: API response received upon successful execution: {"head":{"responseTimestamp":"1593865086371","version":"v1","signature":"o7xq/UDxBfRl1CJY/mfdwpIbbOTny4KYGpKhC2keu0wjcUYd2NCDqOaidZFO/fQpBBzV6k6zmBQtj1UBUdzG/14Cr7zwoWB4M9hLGc0mU9M="},"body":{"resultInfo":{"resultStatus":"S","resultCode":"0000","resultMsg":"Success"},"txnToken":"fc849acb48ad47949173cd9ebd9234fc1593865086363","isPromoCodeValid":false,"authenticated":false}}
[2020-07-04T12:18:06.480Z] [PAYTM] INFO [NODE-SDK:1.0.0:51e401b1-c0f3-4d15-ae38-7052cbae4a1a] <Request>: Raw Response: {"head":{"responseTimestamp":"1593865086371","version":"v1","signature":"o7xq/UDxBfRl1CJY/mfdwpIbbOTny4KYGpKhC2keu0wjcUYd2NCDqOaidZFO/fQpBBzV6k6zmBQtj1UBUdzG/14Cr7zwoWB4M9hLGc0mU9M="},"body":{"resultInfo":{"resultStatus":"S","resultCode":"0000","resultMsg":"Success"},"txnToken":"fc849acb48ad47949173cd9ebd9234fc1593865086363","isPromoCodeValid":false,"authenticated":false}}
[2020-07-04T12:18:06.482Z] [PAYTM] INFO [NODE-SDK:1.0.0:51e401b1-c0f3-4d15-ae38-7052cbae4a1a] <Request>: Response Data Object: {"head":{"signature":"o7xq/UDxBfRl1CJY/mfdwpIbbOTny4KYGpKhC2keu0wjcUYd2NCDqOaidZFO/fQpBBzV6k6zmBQtj1UBUdzG/14Cr7zwoWB4M9hLGc0mU9M=","responseTimestamp":"1593865086371","version":"v1"},"body":{"txnToken":"fc849acb48ad47949173cd9ebd9234fc1593865086363","isPromoCodeValid":false,"resultInfo":{"resultStatus":"S","resultMsg":"Success","resultCode":"0000"},"extraParamsMap":{}}}
[2020-07-04T12:18:06.483Z] [PAYTM] INFO [NODE-SDK:1.0.0:51e401b1-c0f3-4d15-ae38-7052cbae4a1a] <Request>: validating signature 
[2020-07-04T12:18:06.483Z] [PAYTM] INFO [NODE-SDK:1.0.0:51e401b1-c0f3-4d15-ae38-7052cbae4a1a] <EncDecUtil>: verifyChecksumByString called()
[2020-07-04T12:18:06.484Z] [PAYTM] INFO [NODE-SDK:1.0.0:51e401b1-c0f3-4d15-ae38-7052cbae4a1a] <EncDecUtil>: verifyChecksumByString returns: true
[2020-07-04T12:18:06.484Z] [PAYTM] INFO [NODE-SDK:1.0.0:51e401b1-c0f3-4d15-ae38-7052cbae4a1a] <Request>: signature validation passed 
[2020-07-04T12:18:06.485Z] [PAYTM] INFO [NODE-SDK:1.0.0:51e401b1-c0f3-4d15-ae38-7052cbae4a1a] <Request>: Execution completed with raw json response: {"head":{"responseTimestamp":"1593865086371","version":"v1","signature":"o7xq/UDxBfRl1CJY/mfdwpIbbOTny4KYGpKhC2keu0wjcUYd2NCDqOaidZFO/fQpBBzV6k6zmBQtj1UBUdzG/14Cr7zwoWB4M9hLGc0mU9M="},"body":{"resultInfo":{"resultStatus":"S","resultCode":"0000","resultMsg":"Success"},"txnToken":"fc849acb48ad47949173cd9ebd9234fc1593865086363","isPromoCodeValid":false,"authenticated":false}}
[2020-07-04T12:18:06.486Z] [PAYTM] INFO [NODE-SDK:1.0.0:53189051-eef7-4dec-a998-2933fb4c1f96] <Payment>: In getPaymentStatus PaymentStatusDetail: {"orderId":"8f373de5-1d7e-4dcf-9371-cdaa2603c8fd","readTimeout":80000}
[2020-07-04T12:18:06.486Z] [PAYTM] INFO [NODE-SDK:1.0.0:53189051-eef7-4dec-a998-2933fb4c1f96] <Payment>: validatePaymentStatusDetailObject for request: {"orderId":"8f373de5-1d7e-4dcf-9371-cdaa2603c8fd","readTimeout":80000}
[2020-07-04T12:18:06.487Z] [PAYTM] INFO [NODE-SDK:1.0.0:53189051-eef7-4dec-a998-2933fb4c1f96] <Payment>:  validatePaymentStatusDetailObject returns true 
[2020-07-04T12:18:06.487Z] [PAYTM] INFO [NODE-SDK:1.0.0:53189051-eef7-4dec-a998-2933fb4c1f96] <CommonUtil>: In getSecureRequestHeader
[2020-07-04T12:18:06.488Z] [PAYTM] INFO [NODE-SDK:1.0.0:53189051-eef7-4dec-a998-2933fb4c1f96] <Payment>: NativePaymentStatusRequest object {"head":{"version":"v2","channelId":null,"requestTimestamp":"1593865086487","workFlow":null,"signature":null},"body":{"mid":"DRoMSL11748752394018","orderId":"8f373de5-1d7e-4dcf-9371-cdaa2603c8fd"}}
[2020-07-04T12:18:06.488Z] [PAYTM] INFO [NODE-SDK:1.0.0:53189051-eef7-4dec-a998-2933fb4c1f96] <EncDecUtil>: generateSignature() called
[2020-07-04T12:18:06.488Z] [PAYTM] INFO [NODE-SDK:1.0.0:53189051-eef7-4dec-a998-2933fb4c1f96] <EncDecUtil>: generateRandomString() called
[2020-07-04T12:18:06.490Z] [PAYTM] INFO [NODE-SDK:1.0.0:53189051-eef7-4dec-a998-2933fb4c1f96] <EncDecUtil>: generateSalt returns: LRmY
[2020-07-04T12:18:06.491Z] [PAYTM] INFO [NODE-SDK:1.0.0:53189051-eef7-4dec-a998-2933fb4c1f96] <EncDecUtil>: getChecksumFromString returns: DxcLV/Ezl4keJ5EmiUvtCAUq7qCieQSmS8U+LnKGX9u4LN5JLY0bKweITWaUX95YDwEtxQH19QmA2wAv9Jj5YXZdmfUSLyLCO0pxfc6OEHs=
[2020-07-04T12:18:06.492Z] [PAYTM] INFO [NODE-SDK:1.0.0:53189051-eef7-4dec-a998-2933fb4c1f96] <Request>: process for request: {"head":{"version":"v2","channelId":null,"requestTimestamp":"1593865086487","workFlow":null,"signature":"DxcLV/Ezl4keJ5EmiUvtCAUq7qCieQSmS8U+LnKGX9u4LN5JLY0bKweITWaUX95YDwEtxQH19QmA2wAv9Jj5YXZdmfUSLyLCO0pxfc6OEHs="},"body":{"mid":"DRoMSL11748752394018","orderId":"8f373de5-1d7e-4dcf-9371-cdaa2603c8fd"}}
[2020-07-04T12:18:06.492Z] [PAYTM] INFO [NODE-SDK:1.0.0:53189051-eef7-4dec-a998-2933fb4c1f96] <Request>: executeCurl called 
[2020-07-04T12:18:06.493Z] [PAYTM] INFO [NODE-SDK:1.0.0:53189051-eef7-4dec-a998-2933fb4c1f96] <Request>: will make API call to: https://securegw-stage.paytm.in/merchant-status/api/v1/getPaymentStatus
[2020-07-04T12:18:08.040Z] [PAYTM] INFO [NODE-SDK:1.0.0:53189051-eef7-4dec-a998-2933fb4c1f96] <Request>: API response received upon successful execution: {"head":{"responseTimestamp":"1593865087968","version":"v1","signature":"kdO+ZnW/vnCaP2z41BkXK9TYHsJ8vifgdIExUJbsGjfGcKaOymNrL5Ng7qW84eSzddzZ2ZCHuHRoUBxhDnQrdF4f59DGFbR7RgVtEpAVrQE="},"body":{"resultInfo":{"resultStatus":"TXN_FAILURE","resultCode":"334","resultMsg":"Invalid Order Id."},"orderId":"8f373de5-1d7e-4dcf-9371-cdaa2603c8fd","mid":"DRoMSL11748752394018"}}
[2020-07-04T12:18:08.041Z] [PAYTM] INFO [NODE-SDK:1.0.0:53189051-eef7-4dec-a998-2933fb4c1f96] <Request>: Raw Response: {"head":{"responseTimestamp":"1593865087968","version":"v1","signature":"kdO+ZnW/vnCaP2z41BkXK9TYHsJ8vifgdIExUJbsGjfGcKaOymNrL5Ng7qW84eSzddzZ2ZCHuHRoUBxhDnQrdF4f59DGFbR7RgVtEpAVrQE="},"body":{"resultInfo":{"resultStatus":"TXN_FAILURE","resultCode":"334","resultMsg":"Invalid Order Id."},"orderId":"8f373de5-1d7e-4dcf-9371-cdaa2603c8fd","mid":"DRoMSL11748752394018"}}
[2020-07-04T12:18:08.044Z] [PAYTM] INFO [NODE-SDK:1.0.0:53189051-eef7-4dec-a998-2933fb4c1f96] <Request>: Response Data Object: {"head":{"signature":"kdO+ZnW/vnCaP2z41BkXK9TYHsJ8vifgdIExUJbsGjfGcKaOymNrL5Ng7qW84eSzddzZ2ZCHuHRoUBxhDnQrdF4f59DGFbR7RgVtEpAVrQE=","responseTimestamp":"1593865087968","version":"v1"},"body":{"orderId":"8f373de5-1d7e-4dcf-9371-cdaa2603c8fd","mid":"DRoMSL11748752394018","resultInfo":{"resultStatus":"TXN_FAILURE","resultMsg":"Invalid Order Id.","resultCode":"334"},"extraParamsMap":{}}}
[2020-07-04T12:18:08.044Z] [PAYTM] INFO [NODE-SDK:1.0.0:53189051-eef7-4dec-a998-2933fb4c1f96] <Request>: Execution completed with raw json response: {"head":{"responseTimestamp":"1593865087968","version":"v1","signature":"kdO+ZnW/vnCaP2z41BkXK9TYHsJ8vifgdIExUJbsGjfGcKaOymNrL5Ng7qW84eSzddzZ2ZCHuHRoUBxhDnQrdF4f59DGFbR7RgVtEpAVrQE="},"body":{"resultInfo":{"resultStatus":"TXN_FAILURE","resultCode":"334","resultMsg":"Invalid Order Id."},"orderId":"8f373de5-1d7e-4dcf-9371-cdaa2603c8fd","mid":"DRoMSL11748752394018"}}
[2020-07-04T12:56:57.778Z] [PAYTM] INFO [NODE-SDK1.0.0] <MerchantProperties>: initialize called
[2020-07-04T12:56:57.782Z] [PAYTM] INFO [NODE-SDK1.0.0] <MerchantProperties>: Setting Environment for STAGE
[2020-07-04T12:56:57.786Z] [PAYTM] INFO [NODE-SDK:1.0.0:920dc020-64f6-447e-9f67-918142b83252] <Payment>: In createTxnToken PaymentDetail: {"channelId":"WEB","orderId":"2746d67c-9d26-47e7-b7d9-d69fdadd4926","txnAmount":{"currency":"INR","value":"1.00"},"userInfo":{"custId":"12728fb0-41ab-42a7-8f10-5a169579ccb3","email":"arav@test.com","firstName":"Arav","lastName":"Saraff","mobile":"9830873730"},"readTimeout":80000}
[2020-07-04T12:56:57.787Z] [PAYTM] INFO [NODE-SDK:1.0.0:920dc020-64f6-447e-9f67-918142b83252] <Payment>: validatePaymentDetailsObject for object: {"channelId":"WEB","orderId":"2746d67c-9d26-47e7-b7d9-d69fdadd4926","txnAmount":{"currency":"INR","value":"1.00"},"userInfo":{"custId":"12728fb0-41ab-42a7-8f10-5a169579ccb3","email":"arav@test.com","firstName":"Arav","lastName":"Saraff","mobile":"9830873730"},"readTimeout":80000}
[2020-07-04T12:56:57.788Z] [PAYTM] INFO [NODE-SDK:1.0.0:920dc020-64f6-447e-9f67-918142b83252] <Payment>:  validatePaymentDetailsObject returns true 
[2020-07-04T12:56:57.789Z] [PAYTM] INFO [NODE-SDK:1.0.0:920dc020-64f6-447e-9f67-918142b83252] <CommonUtil>: In getSecureRequestHeader
[2020-07-04T12:56:57.792Z] [PAYTM] INFO [NODE-SDK:1.0.0:920dc020-64f6-447e-9f67-918142b83252] <Payment>: InitiateTransactionRequest object {"head":{"version":"v2","channelId":"WEB","requestTimestamp":"1593867417789","signature":null},"body":{"requestType":"Payment","mid":"DRoMSL11748752394018","orderId":"2746d67c-9d26-47e7-b7d9-d69fdadd4926","websiteName":"WEBSTAGING","txnAmount":{"currency":"INR","value":"1.00"},"userInfo":{"custId":"12728fb0-41ab-42a7-8f10-5a169579ccb3","email":"arav@test.com","firstName":"Arav","lastName":"Saraff","mobile":"9830873730"},"callbackUrl":"https://pg-staging.paytm.in/MerchantSite/bankResponse"}}
[2020-07-04T12:56:57.793Z] [PAYTM] INFO [NODE-SDK:1.0.0:920dc020-64f6-447e-9f67-918142b83252] <EncDecUtil>: generateSignature() called
[2020-07-04T12:56:57.794Z] [PAYTM] INFO [NODE-SDK:1.0.0:920dc020-64f6-447e-9f67-918142b83252] <EncDecUtil>: generateRandomString() called
[2020-07-04T12:56:57.803Z] [PAYTM] INFO [NODE-SDK:1.0.0:920dc020-64f6-447e-9f67-918142b83252] <EncDecUtil>: generateSalt returns: XU6/
[2020-07-04T12:56:57.807Z] [PAYTM] INFO [NODE-SDK:1.0.0:920dc020-64f6-447e-9f67-918142b83252] <EncDecUtil>: getChecksumFromString returns: oWiuAcfm2SZBsk91lLy0ZiXbvk6XWvBZxf60N1wl6yFGkYY7yKnKmc3zFVuWXT64qwa/rVcO1ia6xPA4sAEW5/Eiwp0HJE6b23GU3xh2xAI=
[2020-07-04T12:56:57.809Z] [PAYTM] INFO [NODE-SDK:1.0.0:920dc020-64f6-447e-9f67-918142b83252] <Request>: process for request: {"head":{"version":"v2","channelId":"WEB","requestTimestamp":"1593867417789","signature":"oWiuAcfm2SZBsk91lLy0ZiXbvk6XWvBZxf60N1wl6yFGkYY7yKnKmc3zFVuWXT64qwa/rVcO1ia6xPA4sAEW5/Eiwp0HJE6b23GU3xh2xAI="},"body":{"requestType":"Payment","mid":"DRoMSL11748752394018","orderId":"2746d67c-9d26-47e7-b7d9-d69fdadd4926","websiteName":"WEBSTAGING","txnAmount":{"currency":"INR","value":"1.00"},"userInfo":{"custId":"12728fb0-41ab-42a7-8f10-5a169579ccb3","email":"arav@test.com","firstName":"Arav","lastName":"Saraff","mobile":"9830873730"},"callbackUrl":"https://pg-staging.paytm.in/MerchantSite/bankResponse"}}
[2020-07-04T12:56:57.810Z] [PAYTM] INFO [NODE-SDK:1.0.0:920dc020-64f6-447e-9f67-918142b83252] <Request>: executeCurl called 
[2020-07-04T12:56:57.811Z] [PAYTM] INFO [NODE-SDK:1.0.0:920dc020-64f6-447e-9f67-918142b83252] <Request>: will make API call to: https://securegw-stage.paytm.in/theia/api/v1/initiateTransaction?mid=DRoMSL11748752394018&orderId=2746d67c-9d26-47e7-b7d9-d69fdadd4926
[2020-07-04T12:56:58.407Z] [PAYTM] INFO [NODE-SDK:1.0.0:920dc020-64f6-447e-9f67-918142b83252] <Request>: API response received upon successful execution: {"head":{"responseTimestamp":"1593867418430","version":"v1","signature":"+uTG0zUheK1v51CddlAd3UL7StciPcUIB8WIT2W81jSmgsK+zKh9NqztVjeycFyOZQ+FCOn4nq1iEIj3CxNECO0r1sKy+0yJvD7qUpxojy8="},"body":{"resultInfo":{"resultStatus":"S","resultCode":"0000","resultMsg":"Success"},"txnToken":"f255007039e847b98b4e40bbc34928681593867418423","isPromoCodeValid":false,"authenticated":false}}
[2020-07-04T12:56:58.408Z] [PAYTM] INFO [NODE-SDK:1.0.0:920dc020-64f6-447e-9f67-918142b83252] <Request>: Raw Response: {"head":{"responseTimestamp":"1593867418430","version":"v1","signature":"+uTG0zUheK1v51CddlAd3UL7StciPcUIB8WIT2W81jSmgsK+zKh9NqztVjeycFyOZQ+FCOn4nq1iEIj3CxNECO0r1sKy+0yJvD7qUpxojy8="},"body":{"resultInfo":{"resultStatus":"S","resultCode":"0000","resultMsg":"Success"},"txnToken":"f255007039e847b98b4e40bbc34928681593867418423","isPromoCodeValid":false,"authenticated":false}}
[2020-07-04T12:56:58.411Z] [PAYTM] INFO [NODE-SDK:1.0.0:920dc020-64f6-447e-9f67-918142b83252] <Request>: Response Data Object: {"head":{"signature":"+uTG0zUheK1v51CddlAd3UL7StciPcUIB8WIT2W81jSmgsK+zKh9NqztVjeycFyOZQ+FCOn4nq1iEIj3CxNECO0r1sKy+0yJvD7qUpxojy8=","responseTimestamp":"1593867418430","version":"v1"},"body":{"txnToken":"f255007039e847b98b4e40bbc34928681593867418423","isPromoCodeValid":false,"resultInfo":{"resultStatus":"S","resultMsg":"Success","resultCode":"0000"},"extraParamsMap":{}}}
[2020-07-04T12:56:58.411Z] [PAYTM] INFO [NODE-SDK:1.0.0:920dc020-64f6-447e-9f67-918142b83252] <Request>: validating signature 
[2020-07-04T12:56:58.412Z] [PAYTM] INFO [NODE-SDK:1.0.0:920dc020-64f6-447e-9f67-918142b83252] <EncDecUtil>: verifyChecksumByString called()
[2020-07-04T12:56:58.413Z] [PAYTM] INFO [NODE-SDK:1.0.0:920dc020-64f6-447e-9f67-918142b83252] <EncDecUtil>: verifyChecksumByString returns: true
[2020-07-04T12:56:58.413Z] [PAYTM] INFO [NODE-SDK:1.0.0:920dc020-64f6-447e-9f67-918142b83252] <Request>: signature validation passed 
[2020-07-04T12:56:58.414Z] [PAYTM] INFO [NODE-SDK:1.0.0:920dc020-64f6-447e-9f67-918142b83252] <Request>: Execution completed with raw json response: {"head":{"responseTimestamp":"1593867418430","version":"v1","signature":"+uTG0zUheK1v51CddlAd3UL7StciPcUIB8WIT2W81jSmgsK+zKh9NqztVjeycFyOZQ+FCOn4nq1iEIj3CxNECO0r1sKy+0yJvD7qUpxojy8="},"body":{"resultInfo":{"resultStatus":"S","resultCode":"0000","resultMsg":"Success"},"txnToken":"f255007039e847b98b4e40bbc34928681593867418423","isPromoCodeValid":false,"authenticated":false}}
[2020-07-04T12:56:58.416Z] [PAYTM] INFO [NODE-SDK:1.0.0:e85dcf17-198b-4a57-8071-9f47c51b3b5b] <Payment>: In getPaymentStatus PaymentStatusDetail: {"orderId":"2746d67c-9d26-47e7-b7d9-d69fdadd4926","readTimeout":80000}
[2020-07-04T12:56:58.416Z] [PAYTM] INFO [NODE-SDK:1.0.0:e85dcf17-198b-4a57-8071-9f47c51b3b5b] <Payment>: validatePaymentStatusDetailObject for request: {"orderId":"2746d67c-9d26-47e7-b7d9-d69fdadd4926","readTimeout":80000}
[2020-07-04T12:56:58.417Z] [PAYTM] INFO [NODE-SDK:1.0.0:e85dcf17-198b-4a57-8071-9f47c51b3b5b] <Payment>:  validatePaymentStatusDetailObject returns true 
[2020-07-04T12:56:58.417Z] [PAYTM] INFO [NODE-SDK:1.0.0:e85dcf17-198b-4a57-8071-9f47c51b3b5b] <CommonUtil>: In getSecureRequestHeader
[2020-07-04T12:56:58.418Z] [PAYTM] INFO [NODE-SDK:1.0.0:e85dcf17-198b-4a57-8071-9f47c51b3b5b] <Payment>: NativePaymentStatusRequest object {"head":{"version":"v2","channelId":null,"requestTimestamp":"1593867418417","workFlow":null,"signature":null},"body":{"mid":"DRoMSL11748752394018","orderId":"2746d67c-9d26-47e7-b7d9-d69fdadd4926"}}
[2020-07-04T12:56:58.419Z] [PAYTM] INFO [NODE-SDK:1.0.0:e85dcf17-198b-4a57-8071-9f47c51b3b5b] <EncDecUtil>: generateSignature() called
[2020-07-04T12:56:58.419Z] [PAYTM] INFO [NODE-SDK:1.0.0:e85dcf17-198b-4a57-8071-9f47c51b3b5b] <EncDecUtil>: generateRandomString() called
[2020-07-04T12:56:58.422Z] [PAYTM] INFO [NODE-SDK:1.0.0:e85dcf17-198b-4a57-8071-9f47c51b3b5b] <EncDecUtil>: generateSalt returns: hCur
[2020-07-04T12:56:58.422Z] [PAYTM] INFO [NODE-SDK:1.0.0:e85dcf17-198b-4a57-8071-9f47c51b3b5b] <EncDecUtil>: getChecksumFromString returns: hKksqtHCTAOeycogYvnmRuj2mBS8gptSfzMkjn9fwnXjJmlddnYgcyNNTsLhRM6KPt189S1yU9QKdv0qGy/wtQBjFPHrriTbJOe/k9hO3yI=
[2020-07-04T12:56:58.423Z] [PAYTM] INFO [NODE-SDK:1.0.0:e85dcf17-198b-4a57-8071-9f47c51b3b5b] <Request>: process for request: {"head":{"version":"v2","channelId":null,"requestTimestamp":"1593867418417","workFlow":null,"signature":"hKksqtHCTAOeycogYvnmRuj2mBS8gptSfzMkjn9fwnXjJmlddnYgcyNNTsLhRM6KPt189S1yU9QKdv0qGy/wtQBjFPHrriTbJOe/k9hO3yI="},"body":{"mid":"DRoMSL11748752394018","orderId":"2746d67c-9d26-47e7-b7d9-d69fdadd4926"}}
[2020-07-04T12:56:58.423Z] [PAYTM] INFO [NODE-SDK:1.0.0:e85dcf17-198b-4a57-8071-9f47c51b3b5b] <Request>: executeCurl called 
[2020-07-04T12:56:58.423Z] [PAYTM] INFO [NODE-SDK:1.0.0:e85dcf17-198b-4a57-8071-9f47c51b3b5b] <Request>: will make API call to: https://securegw-stage.paytm.in/merchant-status/api/v1/getPaymentStatus
[2020-07-04T12:56:58.699Z] [PAYTM] INFO [NODE-SDK:1.0.0:e85dcf17-198b-4a57-8071-9f47c51b3b5b] <Request>: API response received upon successful execution: {"head":{"responseTimestamp":"1593867418622","version":"v1","signature":"ILzydNN8bzR1Q8IAV2my+4ywYmAx0UbDD6FkfzgosLj/VoZC5QNemUxZQwPclvfNgqDkvXCXDmoqpCFZ0MhLtr5WCGwWLxwHtB7QWossgfk="},"body":{"resultInfo":{"resultStatus":"TXN_FAILURE","resultCode":"334","resultMsg":"Invalid Order Id."},"orderId":"2746d67c-9d26-47e7-b7d9-d69fdadd4926","mid":"DRoMSL11748752394018"}}
[2020-07-04T12:56:58.700Z] [PAYTM] INFO [NODE-SDK:1.0.0:e85dcf17-198b-4a57-8071-9f47c51b3b5b] <Request>: Raw Response: {"head":{"responseTimestamp":"1593867418622","version":"v1","signature":"ILzydNN8bzR1Q8IAV2my+4ywYmAx0UbDD6FkfzgosLj/VoZC5QNemUxZQwPclvfNgqDkvXCXDmoqpCFZ0MhLtr5WCGwWLxwHtB7QWossgfk="},"body":{"resultInfo":{"resultStatus":"TXN_FAILURE","resultCode":"334","resultMsg":"Invalid Order Id."},"orderId":"2746d67c-9d26-47e7-b7d9-d69fdadd4926","mid":"DRoMSL11748752394018"}}
[2020-07-04T12:56:58.704Z] [PAYTM] INFO [NODE-SDK:1.0.0:e85dcf17-198b-4a57-8071-9f47c51b3b5b] <Request>: Response Data Object: {"head":{"signature":"ILzydNN8bzR1Q8IAV2my+4ywYmAx0UbDD6FkfzgosLj/VoZC5QNemUxZQwPclvfNgqDkvXCXDmoqpCFZ0MhLtr5WCGwWLxwHtB7QWossgfk=","responseTimestamp":"1593867418622","version":"v1"},"body":{"orderId":"2746d67c-9d26-47e7-b7d9-d69fdadd4926","mid":"DRoMSL11748752394018","resultInfo":{"resultStatus":"TXN_FAILURE","resultMsg":"Invalid Order Id.","resultCode":"334"},"extraParamsMap":{}}}
[2020-07-04T12:56:58.704Z] [PAYTM] INFO [NODE-SDK:1.0.0:e85dcf17-198b-4a57-8071-9f47c51b3b5b] <Request>: Execution completed with raw json response: {"head":{"responseTimestamp":"1593867418622","version":"v1","signature":"ILzydNN8bzR1Q8IAV2my+4ywYmAx0UbDD6FkfzgosLj/VoZC5QNemUxZQwPclvfNgqDkvXCXDmoqpCFZ0MhLtr5WCGwWLxwHtB7QWossgfk="},"body":{"resultInfo":{"resultStatus":"TXN_FAILURE","resultCode":"334","resultMsg":"Invalid Order Id."},"orderId":"2746d67c-9d26-47e7-b7d9-d69fdadd4926","mid":"DRoMSL11748752394018"}}
